2018-01-28 16:24:46,169 - SimpleLog4JLogSystem initialized using logfile 'velocity.log'
2018-01-28 16:24:46,169 - ************************************************************** 
2018-01-28 16:24:46,169 - Starting Jakarta Velocity v1.4
2018-01-28 16:24:46,169 - RuntimeInstance initializing.
2018-01-28 16:24:46,169 - Default Properties File: org/apache/velocity/runtime/defaults/velocity.properties
2018-01-28 16:24:46,169 - Trying to use logger class org.apache.velocity.runtime.log.SimpleLog4JLogSystem
2018-01-28 16:24:46,169 - Using logger class org.apache.velocity.runtime.log.SimpleLog4JLogSystem
2018-01-28 16:24:46,173 - Default ResourceManager initializing. (class org.apache.velocity.runtime.resource.ResourceManagerImpl)
2018-01-28 16:24:46,187 - Resource Loader Instantiated: org.apache.velocity.runtime.resource.loader.ClasspathResourceLoader
2018-01-28 16:24:46,187 - ClasspathResourceLoader : initialization starting.
2018-01-28 16:24:46,187 - ClasspathResourceLoader : initialization complete.
2018-01-28 16:24:46,189 - ResourceCache : initialized. (class org.apache.velocity.runtime.resource.ResourceCacheImpl)
2018-01-28 16:24:46,190 - Default ResourceManager initialization complete.
2018-01-28 16:24:46,192 - Loaded System Directive: org.apache.velocity.runtime.directive.Literal
2018-01-28 16:24:46,195 - Loaded System Directive: org.apache.velocity.runtime.directive.Macro
2018-01-28 16:24:46,201 - Loaded System Directive: org.apache.velocity.runtime.directive.Parse
2018-01-28 16:24:46,203 - Loaded System Directive: org.apache.velocity.runtime.directive.Include
2018-01-28 16:24:46,205 - Loaded System Directive: org.apache.velocity.runtime.directive.Foreach
2018-01-28 16:24:46,238 - Created: 20 parsers.
2018-01-28 16:24:46,246 - Velocimacro : initialization starting.
2018-01-28 16:24:46,246 - Velocimacro : adding VMs from VM library template : VM_global_library.vm
2018-01-28 16:24:46,253 - ResourceManager : unable to find resource 'VM_global_library.vm' in any resource loader.
2018-01-28 16:24:46,253 - Velocimacro : error using  VM library template VM_global_library.vm : org.apache.velocity.exception.ResourceNotFoundException: Unable to find resource 'VM_global_library.vm'
2018-01-28 16:24:46,253 - Velocimacro :  VM library template macro registration complete.
2018-01-28 16:24:46,253 - Velocimacro : allowInline = true : VMs can be defined inline in templates
2018-01-28 16:24:46,253 - Velocimacro : allowInlineToOverride = false : VMs defined inline may NOT replace previous VM definitions
2018-01-28 16:24:46,253 - Velocimacro : allowInlineLocal = false : VMs defined inline will be  global in scope if allowed.
2018-01-28 16:24:46,253 - Velocimacro : messages on  : VM system will output logging messages
2018-01-28 16:24:46,253 - Velocimacro : autoload off  : VM system will not automatically reload global library macros
2018-01-28 16:24:46,253 - Velocimacro : initialization complete.
2018-01-28 16:24:46,253 - Velocity successfully started.
2018-01-28 16:25:22,994 - ResourceManager : found repast/simphony/parameter/parameters.vt with loader org.apache.velocity.runtime.resource.loader.ClasspathResourceLoader
2018-01-28 16:25:38,060 - ResourceManager : found repast/simphony/parameter/parameters.vt with loader org.apache.velocity.runtime.resource.loader.ClasspathResourceLoader
2018-01-28 16:25:40,900 - ResourceManager : found repast/simphony/scenario/Scenario.vt with loader org.apache.velocity.runtime.resource.loader.ClasspathResourceLoader
2018-01-28 16:27:02,662 - ResourceManager : found repast/simphony/scenario/Scenario.vt with loader org.apache.velocity.runtime.resource.loader.ClasspathResourceLoader
2018-01-28 16:28:33,259 - SimpleLog4JLogSystem initialized using logfile 'velocity.log'
2018-01-28 16:28:33,259 - ************************************************************** 
2018-01-28 16:28:33,260 - Starting Jakarta Velocity v1.4
2018-01-28 16:28:33,260 - RuntimeInstance initializing.
2018-01-28 16:28:33,260 - Default Properties File: org/apache/velocity/runtime/defaults/velocity.properties
2018-01-28 16:28:33,260 - Trying to use logger class org.apache.velocity.runtime.log.SimpleLog4JLogSystem
2018-01-28 16:28:33,260 - Using logger class org.apache.velocity.runtime.log.SimpleLog4JLogSystem
2018-01-28 16:28:33,262 - Default ResourceManager initializing. (class org.apache.velocity.runtime.resource.ResourceManagerImpl)
2018-01-28 16:28:33,265 - Resource Loader Instantiated: org.apache.velocity.runtime.resource.loader.ClasspathResourceLoader
2018-01-28 16:28:33,265 - ClasspathResourceLoader : initialization starting.
2018-01-28 16:28:33,265 - ClasspathResourceLoader : initialization complete.
2018-01-28 16:28:33,278 - ResourceCache : initialized. (class org.apache.velocity.runtime.resource.ResourceCacheImpl)
2018-01-28 16:28:33,278 - Default ResourceManager initialization complete.
2018-01-28 16:28:33,281 - Loaded System Directive: org.apache.velocity.runtime.directive.Literal
2018-01-28 16:28:33,284 - Loaded System Directive: org.apache.velocity.runtime.directive.Macro
2018-01-28 16:28:33,287 - Loaded System Directive: org.apache.velocity.runtime.directive.Parse
2018-01-28 16:28:33,290 - Loaded System Directive: org.apache.velocity.runtime.directive.Include
2018-01-28 16:28:33,292 - Loaded System Directive: org.apache.velocity.runtime.directive.Foreach
2018-01-28 16:28:33,316 - Created: 20 parsers.
2018-01-28 16:28:33,322 - Velocimacro : initialization starting.
2018-01-28 16:28:33,322 - Velocimacro : adding VMs from VM library template : VM_global_library.vm
2018-01-28 16:28:33,327 - ResourceManager : unable to find resource 'VM_global_library.vm' in any resource loader.
2018-01-28 16:28:33,327 - Velocimacro : error using  VM library template VM_global_library.vm : org.apache.velocity.exception.ResourceNotFoundException: Unable to find resource 'VM_global_library.vm'
2018-01-28 16:28:33,327 - Velocimacro :  VM library template macro registration complete.
2018-01-28 16:28:33,327 - Velocimacro : allowInline = true : VMs can be defined inline in templates
2018-01-28 16:28:33,328 - Velocimacro : allowInlineToOverride = false : VMs defined inline may NOT replace previous VM definitions
2018-01-28 16:28:33,328 - Velocimacro : allowInlineLocal = false : VMs defined inline will be  global in scope if allowed.
2018-01-28 16:28:33,328 - Velocimacro : messages on  : VM system will output logging messages
2018-01-28 16:28:33,328 - Velocimacro : autoload off  : VM system will not automatically reload global library macros
2018-01-28 16:28:33,328 - Velocimacro : initialization complete.
2018-01-28 16:28:33,328 - Velocity successfully started.
2018-01-28 16:28:51,178 - ResourceManager : found repast/simphony/scenario/Scenario.vt with loader org.apache.velocity.runtime.resource.loader.ClasspathResourceLoader
2018-01-28 16:29:45,434 - SimpleLog4JLogSystem initialized using logfile 'velocity.log'
2018-01-28 16:29:45,434 - ************************************************************** 
2018-01-28 16:29:45,434 - Starting Jakarta Velocity v1.4
2018-01-28 16:29:45,434 - RuntimeInstance initializing.
2018-01-28 16:29:45,434 - Default Properties File: org/apache/velocity/runtime/defaults/velocity.properties
2018-01-28 16:29:45,435 - Trying to use logger class org.apache.velocity.runtime.log.SimpleLog4JLogSystem
2018-01-28 16:29:45,435 - Using logger class org.apache.velocity.runtime.log.SimpleLog4JLogSystem
2018-01-28 16:29:45,440 - Default ResourceManager initializing. (class org.apache.velocity.runtime.resource.ResourceManagerImpl)
2018-01-28 16:29:45,444 - Resource Loader Instantiated: org.apache.velocity.runtime.resource.loader.ClasspathResourceLoader
2018-01-28 16:29:45,444 - ClasspathResourceLoader : initialization starting.
2018-01-28 16:29:45,444 - ClasspathResourceLoader : initialization complete.
2018-01-28 16:29:45,447 - ResourceCache : initialized. (class org.apache.velocity.runtime.resource.ResourceCacheImpl)
2018-01-28 16:29:45,447 - Default ResourceManager initialization complete.
2018-01-28 16:29:45,450 - Loaded System Directive: org.apache.velocity.runtime.directive.Literal
2018-01-28 16:29:45,452 - Loaded System Directive: org.apache.velocity.runtime.directive.Macro
2018-01-28 16:29:45,457 - Loaded System Directive: org.apache.velocity.runtime.directive.Parse
2018-01-28 16:29:45,460 - Loaded System Directive: org.apache.velocity.runtime.directive.Include
2018-01-28 16:29:45,462 - Loaded System Directive: org.apache.velocity.runtime.directive.Foreach
2018-01-28 16:29:45,500 - Created: 20 parsers.
2018-01-28 16:29:45,514 - Velocimacro : initialization starting.
2018-01-28 16:29:45,514 - Velocimacro : adding VMs from VM library template : VM_global_library.vm
2018-01-28 16:29:45,523 - ResourceManager : unable to find resource 'VM_global_library.vm' in any resource loader.
2018-01-28 16:29:45,523 - Velocimacro : error using  VM library template VM_global_library.vm : org.apache.velocity.exception.ResourceNotFoundException: Unable to find resource 'VM_global_library.vm'
2018-01-28 16:29:45,523 - Velocimacro :  VM library template macro registration complete.
2018-01-28 16:29:45,523 - Velocimacro : allowInline = true : VMs can be defined inline in templates
2018-01-28 16:29:45,523 - Velocimacro : allowInlineToOverride = false : VMs defined inline may NOT replace previous VM definitions
2018-01-28 16:29:45,523 - Velocimacro : allowInlineLocal = false : VMs defined inline will be  global in scope if allowed.
2018-01-28 16:29:45,523 - Velocimacro : messages on  : VM system will output logging messages
2018-01-28 16:29:45,523 - Velocimacro : autoload off  : VM system will not automatically reload global library macros
2018-01-28 16:29:45,523 - Velocimacro : initialization complete.
2018-01-28 16:29:45,523 - Velocity successfully started.
2018-01-28 16:30:55,968 - SimpleLog4JLogSystem initialized using logfile 'velocity.log'
2018-01-28 16:30:55,969 - ************************************************************** 
2018-01-28 16:30:55,969 - Starting Jakarta Velocity v1.4
2018-01-28 16:30:55,969 - RuntimeInstance initializing.
2018-01-28 16:30:55,969 - Default Properties File: org/apache/velocity/runtime/defaults/velocity.properties
2018-01-28 16:30:55,969 - Trying to use logger class org.apache.velocity.runtime.log.SimpleLog4JLogSystem
2018-01-28 16:30:55,969 - Using logger class org.apache.velocity.runtime.log.SimpleLog4JLogSystem
2018-01-28 16:30:55,974 - Default ResourceManager initializing. (class org.apache.velocity.runtime.resource.ResourceManagerImpl)
2018-01-28 16:30:55,978 - Resource Loader Instantiated: org.apache.velocity.runtime.resource.loader.ClasspathResourceLoader
2018-01-28 16:30:55,979 - ClasspathResourceLoader : initialization starting.
2018-01-28 16:30:55,979 - ClasspathResourceLoader : initialization complete.
2018-01-28 16:30:55,982 - ResourceCache : initialized. (class org.apache.velocity.runtime.resource.ResourceCacheImpl)
2018-01-28 16:30:55,982 - Default ResourceManager initialization complete.
2018-01-28 16:30:55,986 - Loaded System Directive: org.apache.velocity.runtime.directive.Literal
2018-01-28 16:30:55,990 - Loaded System Directive: org.apache.velocity.runtime.directive.Macro
2018-01-28 16:30:55,996 - Loaded System Directive: org.apache.velocity.runtime.directive.Parse
2018-01-28 16:30:56,000 - Loaded System Directive: org.apache.velocity.runtime.directive.Include
2018-01-28 16:30:56,002 - Loaded System Directive: org.apache.velocity.runtime.directive.Foreach
2018-01-28 16:30:56,045 - Created: 20 parsers.
2018-01-28 16:30:56,058 - Velocimacro : initialization starting.
2018-01-28 16:30:56,058 - Velocimacro : adding VMs from VM library template : VM_global_library.vm
2018-01-28 16:30:56,066 - ResourceManager : unable to find resource 'VM_global_library.vm' in any resource loader.
2018-01-28 16:30:56,066 - Velocimacro : error using  VM library template VM_global_library.vm : org.apache.velocity.exception.ResourceNotFoundException: Unable to find resource 'VM_global_library.vm'
2018-01-28 16:30:56,066 - Velocimacro :  VM library template macro registration complete.
2018-01-28 16:30:56,066 - Velocimacro : allowInline = true : VMs can be defined inline in templates
2018-01-28 16:30:56,067 - Velocimacro : allowInlineToOverride = false : VMs defined inline may NOT replace previous VM definitions
2018-01-28 16:30:56,067 - Velocimacro : allowInlineLocal = false : VMs defined inline will be  global in scope if allowed.
2018-01-28 16:30:56,067 - Velocimacro : messages on  : VM system will output logging messages
2018-01-28 16:30:56,067 - Velocimacro : autoload off  : VM system will not automatically reload global library macros
2018-01-28 16:30:56,067 - Velocimacro : initialization complete.
2018-01-28 16:30:56,067 - Velocity successfully started.
2018-01-28 16:33:37,513 - SimpleLog4JLogSystem initialized using logfile 'velocity.log'
2018-01-28 16:33:37,514 - ************************************************************** 
2018-01-28 16:33:37,514 - Starting Jakarta Velocity v1.4
2018-01-28 16:33:37,514 - RuntimeInstance initializing.
2018-01-28 16:33:37,514 - Default Properties File: org/apache/velocity/runtime/defaults/velocity.properties
2018-01-28 16:33:37,514 - Trying to use logger class org.apache.velocity.runtime.log.SimpleLog4JLogSystem
2018-01-28 16:33:37,514 - Using logger class org.apache.velocity.runtime.log.SimpleLog4JLogSystem
2018-01-28 16:33:37,519 - Default ResourceManager initializing. (class org.apache.velocity.runtime.resource.ResourceManagerImpl)
2018-01-28 16:33:37,522 - Resource Loader Instantiated: org.apache.velocity.runtime.resource.loader.ClasspathResourceLoader
2018-01-28 16:33:37,522 - ClasspathResourceLoader : initialization starting.
2018-01-28 16:33:37,522 - ClasspathResourceLoader : initialization complete.
2018-01-28 16:33:37,524 - ResourceCache : initialized. (class org.apache.velocity.runtime.resource.ResourceCacheImpl)
2018-01-28 16:33:37,524 - Default ResourceManager initialization complete.
2018-01-28 16:33:37,527 - Loaded System Directive: org.apache.velocity.runtime.directive.Literal
2018-01-28 16:33:37,529 - Loaded System Directive: org.apache.velocity.runtime.directive.Macro
2018-01-28 16:33:37,534 - Loaded System Directive: org.apache.velocity.runtime.directive.Parse
2018-01-28 16:33:37,537 - Loaded System Directive: org.apache.velocity.runtime.directive.Include
2018-01-28 16:33:37,538 - Loaded System Directive: org.apache.velocity.runtime.directive.Foreach
2018-01-28 16:33:37,569 - Created: 20 parsers.
2018-01-28 16:33:37,579 - Velocimacro : initialization starting.
2018-01-28 16:33:37,579 - Velocimacro : adding VMs from VM library template : VM_global_library.vm
2018-01-28 16:33:37,586 - ResourceManager : unable to find resource 'VM_global_library.vm' in any resource loader.
2018-01-28 16:33:37,586 - Velocimacro : error using  VM library template VM_global_library.vm : org.apache.velocity.exception.ResourceNotFoundException: Unable to find resource 'VM_global_library.vm'
2018-01-28 16:33:37,586 - Velocimacro :  VM library template macro registration complete.
2018-01-28 16:33:37,586 - Velocimacro : allowInline = true : VMs can be defined inline in templates
2018-01-28 16:33:37,586 - Velocimacro : allowInlineToOverride = false : VMs defined inline may NOT replace previous VM definitions
2018-01-28 16:33:37,586 - Velocimacro : allowInlineLocal = false : VMs defined inline will be  global in scope if allowed.
2018-01-28 16:33:37,586 - Velocimacro : messages on  : VM system will output logging messages
2018-01-28 16:33:37,586 - Velocimacro : autoload off  : VM system will not automatically reload global library macros
2018-01-28 16:33:37,586 - Velocimacro : initialization complete.
2018-01-28 16:33:37,586 - Velocity successfully started.
2018-01-28 16:34:55,201 - SimpleLog4JLogSystem initialized using logfile 'velocity.log'
2018-01-28 16:34:55,201 - ************************************************************** 
2018-01-28 16:34:55,202 - Starting Jakarta Velocity v1.4
2018-01-28 16:34:55,202 - RuntimeInstance initializing.
2018-01-28 16:34:55,202 - Default Properties File: org/apache/velocity/runtime/defaults/velocity.properties
2018-01-28 16:34:55,202 - Trying to use logger class org.apache.velocity.runtime.log.SimpleLog4JLogSystem
2018-01-28 16:34:55,202 - Using logger class org.apache.velocity.runtime.log.SimpleLog4JLogSystem
2018-01-28 16:34:55,207 - Default ResourceManager initializing. (class org.apache.velocity.runtime.resource.ResourceManagerImpl)
2018-01-28 16:34:55,211 - Resource Loader Instantiated: org.apache.velocity.runtime.resource.loader.ClasspathResourceLoader
2018-01-28 16:34:55,211 - ClasspathResourceLoader : initialization starting.
2018-01-28 16:34:55,211 - ClasspathResourceLoader : initialization complete.
2018-01-28 16:34:55,214 - ResourceCache : initialized. (class org.apache.velocity.runtime.resource.ResourceCacheImpl)
2018-01-28 16:34:55,214 - Default ResourceManager initialization complete.
2018-01-28 16:34:55,217 - Loaded System Directive: org.apache.velocity.runtime.directive.Literal
2018-01-28 16:34:55,220 - Loaded System Directive: org.apache.velocity.runtime.directive.Macro
2018-01-28 16:34:55,224 - Loaded System Directive: org.apache.velocity.runtime.directive.Parse
2018-01-28 16:34:55,227 - Loaded System Directive: org.apache.velocity.runtime.directive.Include
2018-01-28 16:34:55,229 - Loaded System Directive: org.apache.velocity.runtime.directive.Foreach
2018-01-28 16:34:55,268 - Created: 20 parsers.
2018-01-28 16:34:55,280 - Velocimacro : initialization starting.
2018-01-28 16:34:55,280 - Velocimacro : adding VMs from VM library template : VM_global_library.vm
2018-01-28 16:34:55,288 - ResourceManager : unable to find resource 'VM_global_library.vm' in any resource loader.
2018-01-28 16:34:55,288 - Velocimacro : error using  VM library template VM_global_library.vm : org.apache.velocity.exception.ResourceNotFoundException: Unable to find resource 'VM_global_library.vm'
2018-01-28 16:34:55,288 - Velocimacro :  VM library template macro registration complete.
2018-01-28 16:34:55,288 - Velocimacro : allowInline = true : VMs can be defined inline in templates
2018-01-28 16:34:55,288 - Velocimacro : allowInlineToOverride = false : VMs defined inline may NOT replace previous VM definitions
2018-01-28 16:34:55,288 - Velocimacro : allowInlineLocal = false : VMs defined inline will be  global in scope if allowed.
2018-01-28 16:34:55,288 - Velocimacro : messages on  : VM system will output logging messages
2018-01-28 16:34:55,288 - Velocimacro : autoload off  : VM system will not automatically reload global library macros
2018-01-28 16:34:55,288 - Velocimacro : initialization complete.
2018-01-28 16:34:55,288 - Velocity successfully started.
2018-01-28 16:39:52,365 - SimpleLog4JLogSystem initialized using logfile 'velocity.log'
2018-01-28 16:39:52,365 - ************************************************************** 
2018-01-28 16:39:52,365 - Starting Jakarta Velocity v1.4
2018-01-28 16:39:52,366 - RuntimeInstance initializing.
2018-01-28 16:39:52,366 - Default Properties File: org/apache/velocity/runtime/defaults/velocity.properties
2018-01-28 16:39:52,366 - Trying to use logger class org.apache.velocity.runtime.log.SimpleLog4JLogSystem
2018-01-28 16:39:52,366 - Using logger class org.apache.velocity.runtime.log.SimpleLog4JLogSystem
2018-01-28 16:39:52,369 - Default ResourceManager initializing. (class org.apache.velocity.runtime.resource.ResourceManagerImpl)
2018-01-28 16:39:52,372 - Resource Loader Instantiated: org.apache.velocity.runtime.resource.loader.ClasspathResourceLoader
2018-01-28 16:39:52,372 - ClasspathResourceLoader : initialization starting.
2018-01-28 16:39:52,372 - ClasspathResourceLoader : initialization complete.
2018-01-28 16:39:52,375 - ResourceCache : initialized. (class org.apache.velocity.runtime.resource.ResourceCacheImpl)
2018-01-28 16:39:52,375 - Default ResourceManager initialization complete.
2018-01-28 16:39:52,379 - Loaded System Directive: org.apache.velocity.runtime.directive.Literal
2018-01-28 16:39:52,386 - Loaded System Directive: org.apache.velocity.runtime.directive.Macro
2018-01-28 16:39:52,391 - Loaded System Directive: org.apache.velocity.runtime.directive.Parse
2018-01-28 16:39:52,395 - Loaded System Directive: org.apache.velocity.runtime.directive.Include
2018-01-28 16:39:52,397 - Loaded System Directive: org.apache.velocity.runtime.directive.Foreach
2018-01-28 16:39:52,444 - Created: 20 parsers.
2018-01-28 16:39:52,456 - Velocimacro : initialization starting.
2018-01-28 16:39:52,456 - Velocimacro : adding VMs from VM library template : VM_global_library.vm
2018-01-28 16:39:52,465 - ResourceManager : unable to find resource 'VM_global_library.vm' in any resource loader.
2018-01-28 16:39:52,465 - Velocimacro : error using  VM library template VM_global_library.vm : org.apache.velocity.exception.ResourceNotFoundException: Unable to find resource 'VM_global_library.vm'
2018-01-28 16:39:52,465 - Velocimacro :  VM library template macro registration complete.
2018-01-28 16:39:52,465 - Velocimacro : allowInline = true : VMs can be defined inline in templates
2018-01-28 16:39:52,465 - Velocimacro : allowInlineToOverride = false : VMs defined inline may NOT replace previous VM definitions
2018-01-28 16:39:52,465 - Velocimacro : allowInlineLocal = false : VMs defined inline will be  global in scope if allowed.
2018-01-28 16:39:52,465 - Velocimacro : messages on  : VM system will output logging messages
2018-01-28 16:39:52,465 - Velocimacro : autoload off  : VM system will not automatically reload global library macros
2018-01-28 16:39:52,466 - Velocimacro : initialization complete.
2018-01-28 16:39:52,466 - Velocity successfully started.
2018-01-28 16:40:48,509 - SimpleLog4JLogSystem initialized using logfile 'velocity.log'
2018-01-28 16:40:48,509 - ************************************************************** 
2018-01-28 16:40:48,509 - Starting Jakarta Velocity v1.4
2018-01-28 16:40:48,509 - RuntimeInstance initializing.
2018-01-28 16:40:48,509 - Default Properties File: org/apache/velocity/runtime/defaults/velocity.properties
2018-01-28 16:40:48,510 - Trying to use logger class org.apache.velocity.runtime.log.SimpleLog4JLogSystem
2018-01-28 16:40:48,510 - Using logger class org.apache.velocity.runtime.log.SimpleLog4JLogSystem
2018-01-28 16:40:48,514 - Default ResourceManager initializing. (class org.apache.velocity.runtime.resource.ResourceManagerImpl)
2018-01-28 16:40:48,518 - Resource Loader Instantiated: org.apache.velocity.runtime.resource.loader.ClasspathResourceLoader
2018-01-28 16:40:48,518 - ClasspathResourceLoader : initialization starting.
2018-01-28 16:40:48,518 - ClasspathResourceLoader : initialization complete.
2018-01-28 16:40:48,521 - ResourceCache : initialized. (class org.apache.velocity.runtime.resource.ResourceCacheImpl)
2018-01-28 16:40:48,521 - Default ResourceManager initialization complete.
2018-01-28 16:40:48,524 - Loaded System Directive: org.apache.velocity.runtime.directive.Literal
2018-01-28 16:40:48,526 - Loaded System Directive: org.apache.velocity.runtime.directive.Macro
2018-01-28 16:40:48,530 - Loaded System Directive: org.apache.velocity.runtime.directive.Parse
2018-01-28 16:40:48,532 - Loaded System Directive: org.apache.velocity.runtime.directive.Include
2018-01-28 16:40:48,533 - Loaded System Directive: org.apache.velocity.runtime.directive.Foreach
2018-01-28 16:40:48,578 - Created: 20 parsers.
2018-01-28 16:40:48,592 - Velocimacro : initialization starting.
2018-01-28 16:40:48,592 - Velocimacro : adding VMs from VM library template : VM_global_library.vm
2018-01-28 16:40:48,601 - ResourceManager : unable to find resource 'VM_global_library.vm' in any resource loader.
2018-01-28 16:40:48,601 - Velocimacro : error using  VM library template VM_global_library.vm : org.apache.velocity.exception.ResourceNotFoundException: Unable to find resource 'VM_global_library.vm'
2018-01-28 16:40:48,602 - Velocimacro :  VM library template macro registration complete.
2018-01-28 16:40:48,602 - Velocimacro : allowInline = true : VMs can be defined inline in templates
2018-01-28 16:40:48,602 - Velocimacro : allowInlineToOverride = false : VMs defined inline may NOT replace previous VM definitions
2018-01-28 16:40:48,602 - Velocimacro : allowInlineLocal = false : VMs defined inline will be  global in scope if allowed.
2018-01-28 16:40:48,602 - Velocimacro : messages on  : VM system will output logging messages
2018-01-28 16:40:48,602 - Velocimacro : autoload off  : VM system will not automatically reload global library macros
2018-01-28 16:40:48,602 - Velocimacro : initialization complete.
2018-01-28 16:40:48,602 - Velocity successfully started.
2018-01-28 16:46:39,335 - SimpleLog4JLogSystem initialized using logfile 'velocity.log'
2018-01-28 16:46:39,336 - ************************************************************** 
2018-01-28 16:46:39,336 - Starting Jakarta Velocity v1.4
2018-01-28 16:46:39,336 - RuntimeInstance initializing.
2018-01-28 16:46:39,336 - Default Properties File: org/apache/velocity/runtime/defaults/velocity.properties
2018-01-28 16:46:39,336 - Trying to use logger class org.apache.velocity.runtime.log.SimpleLog4JLogSystem
2018-01-28 16:46:39,336 - Using logger class org.apache.velocity.runtime.log.SimpleLog4JLogSystem
2018-01-28 16:46:39,341 - Default ResourceManager initializing. (class org.apache.velocity.runtime.resource.ResourceManagerImpl)
2018-01-28 16:46:39,347 - Resource Loader Instantiated: org.apache.velocity.runtime.resource.loader.ClasspathResourceLoader
2018-01-28 16:46:39,347 - ClasspathResourceLoader : initialization starting.
2018-01-28 16:46:39,347 - ClasspathResourceLoader : initialization complete.
2018-01-28 16:46:39,350 - ResourceCache : initialized. (class org.apache.velocity.runtime.resource.ResourceCacheImpl)
2018-01-28 16:46:39,350 - Default ResourceManager initialization complete.
2018-01-28 16:46:39,354 - Loaded System Directive: org.apache.velocity.runtime.directive.Literal
2018-01-28 16:46:39,358 - Loaded System Directive: org.apache.velocity.runtime.directive.Macro
2018-01-28 16:46:39,375 - Loaded System Directive: org.apache.velocity.runtime.directive.Parse
2018-01-28 16:46:39,379 - Loaded System Directive: org.apache.velocity.runtime.directive.Include
2018-01-28 16:46:39,381 - Loaded System Directive: org.apache.velocity.runtime.directive.Foreach
2018-01-28 16:46:39,425 - Created: 20 parsers.
2018-01-28 16:46:39,438 - Velocimacro : initialization starting.
2018-01-28 16:46:39,438 - Velocimacro : adding VMs from VM library template : VM_global_library.vm
2018-01-28 16:46:39,447 - ResourceManager : unable to find resource 'VM_global_library.vm' in any resource loader.
2018-01-28 16:46:39,447 - Velocimacro : error using  VM library template VM_global_library.vm : org.apache.velocity.exception.ResourceNotFoundException: Unable to find resource 'VM_global_library.vm'
2018-01-28 16:46:39,447 - Velocimacro :  VM library template macro registration complete.
2018-01-28 16:46:39,448 - Velocimacro : allowInline = true : VMs can be defined inline in templates
2018-01-28 16:46:39,448 - Velocimacro : allowInlineToOverride = false : VMs defined inline may NOT replace previous VM definitions
2018-01-28 16:46:39,448 - Velocimacro : allowInlineLocal = false : VMs defined inline will be  global in scope if allowed.
2018-01-28 16:46:39,448 - Velocimacro : messages on  : VM system will output logging messages
2018-01-28 16:46:39,448 - Velocimacro : autoload off  : VM system will not automatically reload global library macros
2018-01-28 16:46:39,448 - Velocimacro : initialization complete.
2018-01-28 16:46:39,448 - Velocity successfully started.
2018-01-28 16:47:45,537 - SimpleLog4JLogSystem initialized using logfile 'velocity.log'
2018-01-28 16:47:45,538 - ************************************************************** 
2018-01-28 16:47:45,538 - Starting Jakarta Velocity v1.4
2018-01-28 16:47:45,538 - RuntimeInstance initializing.
2018-01-28 16:47:45,538 - Default Properties File: org/apache/velocity/runtime/defaults/velocity.properties
2018-01-28 16:47:45,538 - Trying to use logger class org.apache.velocity.runtime.log.SimpleLog4JLogSystem
2018-01-28 16:47:45,538 - Using logger class org.apache.velocity.runtime.log.SimpleLog4JLogSystem
2018-01-28 16:47:45,543 - Default ResourceManager initializing. (class org.apache.velocity.runtime.resource.ResourceManagerImpl)
2018-01-28 16:47:45,548 - Resource Loader Instantiated: org.apache.velocity.runtime.resource.loader.ClasspathResourceLoader
2018-01-28 16:47:45,548 - ClasspathResourceLoader : initialization starting.
2018-01-28 16:47:45,548 - ClasspathResourceLoader : initialization complete.
2018-01-28 16:47:45,551 - ResourceCache : initialized. (class org.apache.velocity.runtime.resource.ResourceCacheImpl)
2018-01-28 16:47:45,551 - Default ResourceManager initialization complete.
2018-01-28 16:47:45,554 - Loaded System Directive: org.apache.velocity.runtime.directive.Literal
2018-01-28 16:47:45,555 - Loaded System Directive: org.apache.velocity.runtime.directive.Macro
2018-01-28 16:47:45,559 - Loaded System Directive: org.apache.velocity.runtime.directive.Parse
2018-01-28 16:47:45,561 - Loaded System Directive: org.apache.velocity.runtime.directive.Include
2018-01-28 16:47:45,561 - Loaded System Directive: org.apache.velocity.runtime.directive.Foreach
2018-01-28 16:47:45,588 - Created: 20 parsers.
2018-01-28 16:47:45,595 - Velocimacro : initialization starting.
2018-01-28 16:47:45,595 - Velocimacro : adding VMs from VM library template : VM_global_library.vm
2018-01-28 16:47:45,602 - ResourceManager : unable to find resource 'VM_global_library.vm' in any resource loader.
2018-01-28 16:47:45,602 - Velocimacro : error using  VM library template VM_global_library.vm : org.apache.velocity.exception.ResourceNotFoundException: Unable to find resource 'VM_global_library.vm'
2018-01-28 16:47:45,602 - Velocimacro :  VM library template macro registration complete.
2018-01-28 16:47:45,602 - Velocimacro : allowInline = true : VMs can be defined inline in templates
2018-01-28 16:47:45,602 - Velocimacro : allowInlineToOverride = false : VMs defined inline may NOT replace previous VM definitions
2018-01-28 16:47:45,602 - Velocimacro : allowInlineLocal = false : VMs defined inline will be  global in scope if allowed.
2018-01-28 16:47:45,602 - Velocimacro : messages on  : VM system will output logging messages
2018-01-28 16:47:45,602 - Velocimacro : autoload off  : VM system will not automatically reload global library macros
2018-01-28 16:47:45,602 - Velocimacro : initialization complete.
2018-01-28 16:47:45,602 - Velocity successfully started.
2018-01-28 16:49:02,920 - SimpleLog4JLogSystem initialized using logfile 'velocity.log'
2018-01-28 16:49:02,920 - ************************************************************** 
2018-01-28 16:49:02,921 - Starting Jakarta Velocity v1.4
2018-01-28 16:49:02,921 - RuntimeInstance initializing.
2018-01-28 16:49:02,921 - Default Properties File: org/apache/velocity/runtime/defaults/velocity.properties
2018-01-28 16:49:02,921 - Trying to use logger class org.apache.velocity.runtime.log.SimpleLog4JLogSystem
2018-01-28 16:49:02,921 - Using logger class org.apache.velocity.runtime.log.SimpleLog4JLogSystem
2018-01-28 16:49:02,926 - Default ResourceManager initializing. (class org.apache.velocity.runtime.resource.ResourceManagerImpl)
2018-01-28 16:49:02,931 - Resource Loader Instantiated: org.apache.velocity.runtime.resource.loader.ClasspathResourceLoader
2018-01-28 16:49:02,931 - ClasspathResourceLoader : initialization starting.
2018-01-28 16:49:02,931 - ClasspathResourceLoader : initialization complete.
2018-01-28 16:49:02,933 - ResourceCache : initialized. (class org.apache.velocity.runtime.resource.ResourceCacheImpl)
2018-01-28 16:49:02,933 - Default ResourceManager initialization complete.
2018-01-28 16:49:02,937 - Loaded System Directive: org.apache.velocity.runtime.directive.Literal
2018-01-28 16:49:02,940 - Loaded System Directive: org.apache.velocity.runtime.directive.Macro
2018-01-28 16:49:02,946 - Loaded System Directive: org.apache.velocity.runtime.directive.Parse
2018-01-28 16:49:02,949 - Loaded System Directive: org.apache.velocity.runtime.directive.Include
2018-01-28 16:49:02,951 - Loaded System Directive: org.apache.velocity.runtime.directive.Foreach
2018-01-28 16:49:02,988 - Created: 20 parsers.
2018-01-28 16:49:03,001 - Velocimacro : initialization starting.
2018-01-28 16:49:03,001 - Velocimacro : adding VMs from VM library template : VM_global_library.vm
2018-01-28 16:49:03,009 - ResourceManager : unable to find resource 'VM_global_library.vm' in any resource loader.
2018-01-28 16:49:03,009 - Velocimacro : error using  VM library template VM_global_library.vm : org.apache.velocity.exception.ResourceNotFoundException: Unable to find resource 'VM_global_library.vm'
2018-01-28 16:49:03,009 - Velocimacro :  VM library template macro registration complete.
2018-01-28 16:49:03,009 - Velocimacro : allowInline = true : VMs can be defined inline in templates
2018-01-28 16:49:03,009 - Velocimacro : allowInlineToOverride = false : VMs defined inline may NOT replace previous VM definitions
2018-01-28 16:49:03,009 - Velocimacro : allowInlineLocal = false : VMs defined inline will be  global in scope if allowed.
2018-01-28 16:49:03,009 - Velocimacro : messages on  : VM system will output logging messages
2018-01-28 16:49:03,009 - Velocimacro : autoload off  : VM system will not automatically reload global library macros
2018-01-28 16:49:03,009 - Velocimacro : initialization complete.
2018-01-28 16:49:03,009 - Velocity successfully started.
2018-01-28 16:50:31,949 - SimpleLog4JLogSystem initialized using logfile 'velocity.log'
2018-01-28 16:50:31,950 - ************************************************************** 
2018-01-28 16:50:31,950 - Starting Jakarta Velocity v1.4
2018-01-28 16:50:31,950 - RuntimeInstance initializing.
2018-01-28 16:50:31,950 - Default Properties File: org/apache/velocity/runtime/defaults/velocity.properties
2018-01-28 16:50:31,950 - Trying to use logger class org.apache.velocity.runtime.log.SimpleLog4JLogSystem
2018-01-28 16:50:31,950 - Using logger class org.apache.velocity.runtime.log.SimpleLog4JLogSystem
2018-01-28 16:50:31,953 - Default ResourceManager initializing. (class org.apache.velocity.runtime.resource.ResourceManagerImpl)
2018-01-28 16:50:31,955 - Resource Loader Instantiated: org.apache.velocity.runtime.resource.loader.ClasspathResourceLoader
2018-01-28 16:50:31,956 - ClasspathResourceLoader : initialization starting.
2018-01-28 16:50:31,956 - ClasspathResourceLoader : initialization complete.
2018-01-28 16:50:31,958 - ResourceCache : initialized. (class org.apache.velocity.runtime.resource.ResourceCacheImpl)
2018-01-28 16:50:31,958 - Default ResourceManager initialization complete.
2018-01-28 16:50:31,960 - Loaded System Directive: org.apache.velocity.runtime.directive.Literal
2018-01-28 16:50:31,962 - Loaded System Directive: org.apache.velocity.runtime.directive.Macro
2018-01-28 16:50:31,964 - Loaded System Directive: org.apache.velocity.runtime.directive.Parse
2018-01-28 16:50:31,966 - Loaded System Directive: org.apache.velocity.runtime.directive.Include
2018-01-28 16:50:31,967 - Loaded System Directive: org.apache.velocity.runtime.directive.Foreach
2018-01-28 16:50:31,992 - Created: 20 parsers.
2018-01-28 16:50:31,999 - Velocimacro : initialization starting.
2018-01-28 16:50:31,999 - Velocimacro : adding VMs from VM library template : VM_global_library.vm
2018-01-28 16:50:32,004 - ResourceManager : unable to find resource 'VM_global_library.vm' in any resource loader.
2018-01-28 16:50:32,004 - Velocimacro : error using  VM library template VM_global_library.vm : org.apache.velocity.exception.ResourceNotFoundException: Unable to find resource 'VM_global_library.vm'
2018-01-28 16:50:32,004 - Velocimacro :  VM library template macro registration complete.
2018-01-28 16:50:32,004 - Velocimacro : allowInline = true : VMs can be defined inline in templates
2018-01-28 16:50:32,005 - Velocimacro : allowInlineToOverride = false : VMs defined inline may NOT replace previous VM definitions
2018-01-28 16:50:32,005 - Velocimacro : allowInlineLocal = false : VMs defined inline will be  global in scope if allowed.
2018-01-28 16:50:32,005 - Velocimacro : messages on  : VM system will output logging messages
2018-01-28 16:50:32,005 - Velocimacro : autoload off  : VM system will not automatically reload global library macros
2018-01-28 16:50:32,005 - Velocimacro : initialization complete.
2018-01-28 16:50:32,005 - Velocity successfully started.
2018-01-28 16:51:47,577 - SimpleLog4JLogSystem initialized using logfile 'velocity.log'
2018-01-28 16:51:47,577 - ************************************************************** 
2018-01-28 16:51:47,577 - Starting Jakarta Velocity v1.4
2018-01-28 16:51:47,577 - RuntimeInstance initializing.
2018-01-28 16:51:47,577 - Default Properties File: org/apache/velocity/runtime/defaults/velocity.properties
2018-01-28 16:51:47,577 - Trying to use logger class org.apache.velocity.runtime.log.SimpleLog4JLogSystem
2018-01-28 16:51:47,577 - Using logger class org.apache.velocity.runtime.log.SimpleLog4JLogSystem
2018-01-28 16:51:47,582 - Default ResourceManager initializing. (class org.apache.velocity.runtime.resource.ResourceManagerImpl)
2018-01-28 16:51:47,587 - Resource Loader Instantiated: org.apache.velocity.runtime.resource.loader.ClasspathResourceLoader
2018-01-28 16:51:47,587 - ClasspathResourceLoader : initialization starting.
2018-01-28 16:51:47,587 - ClasspathResourceLoader : initialization complete.
2018-01-28 16:51:47,590 - ResourceCache : initialized. (class org.apache.velocity.runtime.resource.ResourceCacheImpl)
2018-01-28 16:51:47,590 - Default ResourceManager initialization complete.
2018-01-28 16:51:47,593 - Loaded System Directive: org.apache.velocity.runtime.directive.Literal
2018-01-28 16:51:47,596 - Loaded System Directive: org.apache.velocity.runtime.directive.Macro
2018-01-28 16:51:47,600 - Loaded System Directive: org.apache.velocity.runtime.directive.Parse
2018-01-28 16:51:47,603 - Loaded System Directive: org.apache.velocity.runtime.directive.Include
2018-01-28 16:51:47,605 - Loaded System Directive: org.apache.velocity.runtime.directive.Foreach
2018-01-28 16:51:47,643 - Created: 20 parsers.
2018-01-28 16:51:47,655 - Velocimacro : initialization starting.
2018-01-28 16:51:47,655 - Velocimacro : adding VMs from VM library template : VM_global_library.vm
2018-01-28 16:51:47,664 - ResourceManager : unable to find resource 'VM_global_library.vm' in any resource loader.
2018-01-28 16:51:47,664 - Velocimacro : error using  VM library template VM_global_library.vm : org.apache.velocity.exception.ResourceNotFoundException: Unable to find resource 'VM_global_library.vm'
2018-01-28 16:51:47,664 - Velocimacro :  VM library template macro registration complete.
2018-01-28 16:51:47,664 - Velocimacro : allowInline = true : VMs can be defined inline in templates
2018-01-28 16:51:47,665 - Velocimacro : allowInlineToOverride = false : VMs defined inline may NOT replace previous VM definitions
2018-01-28 16:51:47,665 - Velocimacro : allowInlineLocal = false : VMs defined inline will be  global in scope if allowed.
2018-01-28 16:51:47,665 - Velocimacro : messages on  : VM system will output logging messages
2018-01-28 16:51:47,665 - Velocimacro : autoload off  : VM system will not automatically reload global library macros
2018-01-28 16:51:47,665 - Velocimacro : initialization complete.
2018-01-28 16:51:47,665 - Velocity successfully started.
2018-01-28 16:52:15,177 - SimpleLog4JLogSystem initialized using logfile 'velocity.log'
2018-01-28 16:52:15,178 - ************************************************************** 
2018-01-28 16:52:15,178 - Starting Jakarta Velocity v1.4
2018-01-28 16:52:15,178 - RuntimeInstance initializing.
2018-01-28 16:52:15,178 - Default Properties File: org/apache/velocity/runtime/defaults/velocity.properties
2018-01-28 16:52:15,178 - Trying to use logger class org.apache.velocity.runtime.log.SimpleLog4JLogSystem
2018-01-28 16:52:15,178 - Using logger class org.apache.velocity.runtime.log.SimpleLog4JLogSystem
2018-01-28 16:52:15,182 - Default ResourceManager initializing. (class org.apache.velocity.runtime.resource.ResourceManagerImpl)
2018-01-28 16:52:15,184 - Resource Loader Instantiated: org.apache.velocity.runtime.resource.loader.ClasspathResourceLoader
2018-01-28 16:52:15,184 - ClasspathResourceLoader : initialization starting.
2018-01-28 16:52:15,184 - ClasspathResourceLoader : initialization complete.
2018-01-28 16:52:15,186 - ResourceCache : initialized. (class org.apache.velocity.runtime.resource.ResourceCacheImpl)
2018-01-28 16:52:15,186 - Default ResourceManager initialization complete.
2018-01-28 16:52:15,202 - Loaded System Directive: org.apache.velocity.runtime.directive.Literal
2018-01-28 16:52:15,205 - Loaded System Directive: org.apache.velocity.runtime.directive.Macro
2018-01-28 16:52:15,210 - Loaded System Directive: org.apache.velocity.runtime.directive.Parse
2018-01-28 16:52:15,213 - Loaded System Directive: org.apache.velocity.runtime.directive.Include
2018-01-28 16:52:15,215 - Loaded System Directive: org.apache.velocity.runtime.directive.Foreach
2018-01-28 16:52:15,245 - Created: 20 parsers.
2018-01-28 16:52:15,251 - Velocimacro : initialization starting.
2018-01-28 16:52:15,251 - Velocimacro : adding VMs from VM library template : VM_global_library.vm
2018-01-28 16:52:15,257 - ResourceManager : unable to find resource 'VM_global_library.vm' in any resource loader.
2018-01-28 16:52:15,257 - Velocimacro : error using  VM library template VM_global_library.vm : org.apache.velocity.exception.ResourceNotFoundException: Unable to find resource 'VM_global_library.vm'
2018-01-28 16:52:15,257 - Velocimacro :  VM library template macro registration complete.
2018-01-28 16:52:15,257 - Velocimacro : allowInline = true : VMs can be defined inline in templates
2018-01-28 16:52:15,257 - Velocimacro : allowInlineToOverride = false : VMs defined inline may NOT replace previous VM definitions
2018-01-28 16:52:15,257 - Velocimacro : allowInlineLocal = false : VMs defined inline will be  global in scope if allowed.
2018-01-28 16:52:15,257 - Velocimacro : messages on  : VM system will output logging messages
2018-01-28 16:52:15,257 - Velocimacro : autoload off  : VM system will not automatically reload global library macros
2018-01-28 16:52:15,257 - Velocimacro : initialization complete.
2018-01-28 16:52:15,257 - Velocity successfully started.
2018-01-28 16:53:03,306 - SimpleLog4JLogSystem initialized using logfile 'velocity.log'
2018-01-28 16:53:03,307 - ************************************************************** 
2018-01-28 16:53:03,307 - Starting Jakarta Velocity v1.4
2018-01-28 16:53:03,307 - RuntimeInstance initializing.
2018-01-28 16:53:03,307 - Default Properties File: org/apache/velocity/runtime/defaults/velocity.properties
2018-01-28 16:53:03,307 - Trying to use logger class org.apache.velocity.runtime.log.SimpleLog4JLogSystem
2018-01-28 16:53:03,307 - Using logger class org.apache.velocity.runtime.log.SimpleLog4JLogSystem
2018-01-28 16:53:03,310 - Default ResourceManager initializing. (class org.apache.velocity.runtime.resource.ResourceManagerImpl)
2018-01-28 16:53:03,313 - Resource Loader Instantiated: org.apache.velocity.runtime.resource.loader.ClasspathResourceLoader
2018-01-28 16:53:03,313 - ClasspathResourceLoader : initialization starting.
2018-01-28 16:53:03,313 - ClasspathResourceLoader : initialization complete.
2018-01-28 16:53:03,315 - ResourceCache : initialized. (class org.apache.velocity.runtime.resource.ResourceCacheImpl)
2018-01-28 16:53:03,315 - Default ResourceManager initialization complete.
2018-01-28 16:53:03,317 - Loaded System Directive: org.apache.velocity.runtime.directive.Literal
2018-01-28 16:53:03,320 - Loaded System Directive: org.apache.velocity.runtime.directive.Macro
2018-01-28 16:53:03,323 - Loaded System Directive: org.apache.velocity.runtime.directive.Parse
2018-01-28 16:53:03,324 - Loaded System Directive: org.apache.velocity.runtime.directive.Include
2018-01-28 16:53:03,325 - Loaded System Directive: org.apache.velocity.runtime.directive.Foreach
2018-01-28 16:53:03,351 - Created: 20 parsers.
2018-01-28 16:53:03,358 - Velocimacro : initialization starting.
2018-01-28 16:53:03,358 - Velocimacro : adding VMs from VM library template : VM_global_library.vm
2018-01-28 16:53:03,364 - ResourceManager : unable to find resource 'VM_global_library.vm' in any resource loader.
2018-01-28 16:53:03,364 - Velocimacro : error using  VM library template VM_global_library.vm : org.apache.velocity.exception.ResourceNotFoundException: Unable to find resource 'VM_global_library.vm'
2018-01-28 16:53:03,364 - Velocimacro :  VM library template macro registration complete.
2018-01-28 16:53:03,364 - Velocimacro : allowInline = true : VMs can be defined inline in templates
2018-01-28 16:53:03,364 - Velocimacro : allowInlineToOverride = false : VMs defined inline may NOT replace previous VM definitions
2018-01-28 16:53:03,364 - Velocimacro : allowInlineLocal = false : VMs defined inline will be  global in scope if allowed.
2018-01-28 16:53:03,364 - Velocimacro : messages on  : VM system will output logging messages
2018-01-28 16:53:03,364 - Velocimacro : autoload off  : VM system will not automatically reload global library macros
2018-01-28 16:53:03,365 - Velocimacro : initialization complete.
2018-01-28 16:53:03,365 - Velocity successfully started.
2018-01-28 16:53:29,982 - SimpleLog4JLogSystem initialized using logfile 'velocity.log'
2018-01-28 16:53:29,982 - ************************************************************** 
2018-01-28 16:53:29,982 - Starting Jakarta Velocity v1.4
2018-01-28 16:53:29,982 - RuntimeInstance initializing.
2018-01-28 16:53:29,982 - Default Properties File: org/apache/velocity/runtime/defaults/velocity.properties
2018-01-28 16:53:29,982 - Trying to use logger class org.apache.velocity.runtime.log.SimpleLog4JLogSystem
2018-01-28 16:53:29,982 - Using logger class org.apache.velocity.runtime.log.SimpleLog4JLogSystem
2018-01-28 16:53:29,985 - Default ResourceManager initializing. (class org.apache.velocity.runtime.resource.ResourceManagerImpl)
2018-01-28 16:53:29,987 - Resource Loader Instantiated: org.apache.velocity.runtime.resource.loader.ClasspathResourceLoader
2018-01-28 16:53:29,987 - ClasspathResourceLoader : initialization starting.
2018-01-28 16:53:29,987 - ClasspathResourceLoader : initialization complete.
2018-01-28 16:53:29,988 - ResourceCache : initialized. (class org.apache.velocity.runtime.resource.ResourceCacheImpl)
2018-01-28 16:53:29,988 - Default ResourceManager initialization complete.
2018-01-28 16:53:29,990 - Loaded System Directive: org.apache.velocity.runtime.directive.Literal
2018-01-28 16:53:29,992 - Loaded System Directive: org.apache.velocity.runtime.directive.Macro
2018-01-28 16:53:29,995 - Loaded System Directive: org.apache.velocity.runtime.directive.Parse
2018-01-28 16:53:29,996 - Loaded System Directive: org.apache.velocity.runtime.directive.Include
2018-01-28 16:53:29,997 - Loaded System Directive: org.apache.velocity.runtime.directive.Foreach
2018-01-28 16:53:30,022 - Created: 20 parsers.
2018-01-28 16:53:30,029 - Velocimacro : initialization starting.
2018-01-28 16:53:30,029 - Velocimacro : adding VMs from VM library template : VM_global_library.vm
2018-01-28 16:53:30,034 - ResourceManager : unable to find resource 'VM_global_library.vm' in any resource loader.
2018-01-28 16:53:30,034 - Velocimacro : error using  VM library template VM_global_library.vm : org.apache.velocity.exception.ResourceNotFoundException: Unable to find resource 'VM_global_library.vm'
2018-01-28 16:53:30,034 - Velocimacro :  VM library template macro registration complete.
2018-01-28 16:53:30,034 - Velocimacro : allowInline = true : VMs can be defined inline in templates
2018-01-28 16:53:30,034 - Velocimacro : allowInlineToOverride = false : VMs defined inline may NOT replace previous VM definitions
2018-01-28 16:53:30,034 - Velocimacro : allowInlineLocal = false : VMs defined inline will be  global in scope if allowed.
2018-01-28 16:53:30,034 - Velocimacro : messages on  : VM system will output logging messages
2018-01-28 16:53:30,035 - Velocimacro : autoload off  : VM system will not automatically reload global library macros
2018-01-28 16:53:30,035 - Velocimacro : initialization complete.
2018-01-28 16:53:30,035 - Velocity successfully started.
2018-01-28 16:56:59,407 - SimpleLog4JLogSystem initialized using logfile 'velocity.log'
2018-01-28 16:56:59,408 - ************************************************************** 
2018-01-28 16:56:59,408 - Starting Jakarta Velocity v1.4
2018-01-28 16:56:59,408 - RuntimeInstance initializing.
2018-01-28 16:56:59,408 - Default Properties File: org/apache/velocity/runtime/defaults/velocity.properties
2018-01-28 16:56:59,408 - Trying to use logger class org.apache.velocity.runtime.log.SimpleLog4JLogSystem
2018-01-28 16:56:59,408 - Using logger class org.apache.velocity.runtime.log.SimpleLog4JLogSystem
2018-01-28 16:56:59,413 - Default ResourceManager initializing. (class org.apache.velocity.runtime.resource.ResourceManagerImpl)
2018-01-28 16:56:59,416 - Resource Loader Instantiated: org.apache.velocity.runtime.resource.loader.ClasspathResourceLoader
2018-01-28 16:56:59,416 - ClasspathResourceLoader : initialization starting.
2018-01-28 16:56:59,417 - ClasspathResourceLoader : initialization complete.
2018-01-28 16:56:59,418 - ResourceCache : initialized. (class org.apache.velocity.runtime.resource.ResourceCacheImpl)
2018-01-28 16:56:59,418 - Default ResourceManager initialization complete.
2018-01-28 16:56:59,421 - Loaded System Directive: org.apache.velocity.runtime.directive.Literal
2018-01-28 16:56:59,423 - Loaded System Directive: org.apache.velocity.runtime.directive.Macro
2018-01-28 16:56:59,427 - Loaded System Directive: org.apache.velocity.runtime.directive.Parse
2018-01-28 16:56:59,429 - Loaded System Directive: org.apache.velocity.runtime.directive.Include
2018-01-28 16:56:59,431 - Loaded System Directive: org.apache.velocity.runtime.directive.Foreach
2018-01-28 16:56:59,457 - Created: 20 parsers.
2018-01-28 16:56:59,467 - Velocimacro : initialization starting.
2018-01-28 16:56:59,467 - Velocimacro : adding VMs from VM library template : VM_global_library.vm
2018-01-28 16:56:59,473 - ResourceManager : unable to find resource 'VM_global_library.vm' in any resource loader.
2018-01-28 16:56:59,473 - Velocimacro : error using  VM library template VM_global_library.vm : org.apache.velocity.exception.ResourceNotFoundException: Unable to find resource 'VM_global_library.vm'
2018-01-28 16:56:59,473 - Velocimacro :  VM library template macro registration complete.
2018-01-28 16:56:59,473 - Velocimacro : allowInline = true : VMs can be defined inline in templates
2018-01-28 16:56:59,473 - Velocimacro : allowInlineToOverride = false : VMs defined inline may NOT replace previous VM definitions
2018-01-28 16:56:59,473 - Velocimacro : allowInlineLocal = false : VMs defined inline will be  global in scope if allowed.
2018-01-28 16:56:59,473 - Velocimacro : messages on  : VM system will output logging messages
2018-01-28 16:56:59,473 - Velocimacro : autoload off  : VM system will not automatically reload global library macros
2018-01-28 16:56:59,473 - Velocimacro : initialization complete.
2018-01-28 16:56:59,473 - Velocity successfully started.
2018-01-28 16:57:20,135 - SimpleLog4JLogSystem initialized using logfile 'velocity.log'
2018-01-28 16:57:20,136 - ************************************************************** 
2018-01-28 16:57:20,136 - Starting Jakarta Velocity v1.4
2018-01-28 16:57:20,136 - RuntimeInstance initializing.
2018-01-28 16:57:20,136 - Default Properties File: org/apache/velocity/runtime/defaults/velocity.properties
2018-01-28 16:57:20,136 - Trying to use logger class org.apache.velocity.runtime.log.SimpleLog4JLogSystem
2018-01-28 16:57:20,136 - Using logger class org.apache.velocity.runtime.log.SimpleLog4JLogSystem
2018-01-28 16:57:20,142 - Default ResourceManager initializing. (class org.apache.velocity.runtime.resource.ResourceManagerImpl)
2018-01-28 16:57:20,152 - Resource Loader Instantiated: org.apache.velocity.runtime.resource.loader.ClasspathResourceLoader
2018-01-28 16:57:20,153 - ClasspathResourceLoader : initialization starting.
2018-01-28 16:57:20,153 - ClasspathResourceLoader : initialization complete.
2018-01-28 16:57:20,156 - ResourceCache : initialized. (class org.apache.velocity.runtime.resource.ResourceCacheImpl)
2018-01-28 16:57:20,156 - Default ResourceManager initialization complete.
2018-01-28 16:57:20,165 - Loaded System Directive: org.apache.velocity.runtime.directive.Literal
2018-01-28 16:57:20,169 - Loaded System Directive: org.apache.velocity.runtime.directive.Macro
2018-01-28 16:57:20,175 - Loaded System Directive: org.apache.velocity.runtime.directive.Parse
2018-01-28 16:57:20,186 - Loaded System Directive: org.apache.velocity.runtime.directive.Include
2018-01-28 16:57:20,188 - Loaded System Directive: org.apache.velocity.runtime.directive.Foreach
2018-01-28 16:57:20,256 - Created: 20 parsers.
2018-01-28 16:57:20,275 - Velocimacro : initialization starting.
2018-01-28 16:57:20,276 - Velocimacro : adding VMs from VM library template : VM_global_library.vm
2018-01-28 16:57:20,293 - ResourceManager : unable to find resource 'VM_global_library.vm' in any resource loader.
2018-01-28 16:57:20,293 - Velocimacro : error using  VM library template VM_global_library.vm : org.apache.velocity.exception.ResourceNotFoundException: Unable to find resource 'VM_global_library.vm'
2018-01-28 16:57:20,293 - Velocimacro :  VM library template macro registration complete.
2018-01-28 16:57:20,293 - Velocimacro : allowInline = true : VMs can be defined inline in templates
2018-01-28 16:57:20,294 - Velocimacro : allowInlineToOverride = false : VMs defined inline may NOT replace previous VM definitions
2018-01-28 16:57:20,294 - Velocimacro : allowInlineLocal = false : VMs defined inline will be  global in scope if allowed.
2018-01-28 16:57:20,294 - Velocimacro : messages on  : VM system will output logging messages
2018-01-28 16:57:20,294 - Velocimacro : autoload off  : VM system will not automatically reload global library macros
2018-01-28 16:57:20,295 - Velocimacro : initialization complete.
2018-01-28 16:57:20,295 - Velocity successfully started.
2018-01-28 17:08:38,353 - SimpleLog4JLogSystem initialized using logfile 'velocity.log'
2018-01-28 17:08:38,353 - ************************************************************** 
2018-01-28 17:08:38,353 - Starting Jakarta Velocity v1.4
2018-01-28 17:08:38,353 - RuntimeInstance initializing.
2018-01-28 17:08:38,353 - Default Properties File: org/apache/velocity/runtime/defaults/velocity.properties
2018-01-28 17:08:38,353 - Trying to use logger class org.apache.velocity.runtime.log.SimpleLog4JLogSystem
2018-01-28 17:08:38,353 - Using logger class org.apache.velocity.runtime.log.SimpleLog4JLogSystem
2018-01-28 17:08:38,356 - Default ResourceManager initializing. (class org.apache.velocity.runtime.resource.ResourceManagerImpl)
2018-01-28 17:08:38,359 - Resource Loader Instantiated: org.apache.velocity.runtime.resource.loader.ClasspathResourceLoader
2018-01-28 17:08:38,359 - ClasspathResourceLoader : initialization starting.
2018-01-28 17:08:38,359 - ClasspathResourceLoader : initialization complete.
2018-01-28 17:08:38,361 - ResourceCache : initialized. (class org.apache.velocity.runtime.resource.ResourceCacheImpl)
2018-01-28 17:08:38,361 - Default ResourceManager initialization complete.
2018-01-28 17:08:38,363 - Loaded System Directive: org.apache.velocity.runtime.directive.Literal
2018-01-28 17:08:38,369 - Loaded System Directive: org.apache.velocity.runtime.directive.Macro
2018-01-28 17:08:38,373 - Loaded System Directive: org.apache.velocity.runtime.directive.Parse
2018-01-28 17:08:38,375 - Loaded System Directive: org.apache.velocity.runtime.directive.Include
2018-01-28 17:08:38,377 - Loaded System Directive: org.apache.velocity.runtime.directive.Foreach
2018-01-28 17:08:38,417 - Created: 20 parsers.
2018-01-28 17:08:38,430 - Velocimacro : initialization starting.
2018-01-28 17:08:38,430 - Velocimacro : adding VMs from VM library template : VM_global_library.vm
2018-01-28 17:08:38,437 - ResourceManager : unable to find resource 'VM_global_library.vm' in any resource loader.
2018-01-28 17:08:38,438 - Velocimacro : error using  VM library template VM_global_library.vm : org.apache.velocity.exception.ResourceNotFoundException: Unable to find resource 'VM_global_library.vm'
2018-01-28 17:08:38,438 - Velocimacro :  VM library template macro registration complete.
2018-01-28 17:08:38,438 - Velocimacro : allowInline = true : VMs can be defined inline in templates
2018-01-28 17:08:38,438 - Velocimacro : allowInlineToOverride = false : VMs defined inline may NOT replace previous VM definitions
2018-01-28 17:08:38,438 - Velocimacro : allowInlineLocal = false : VMs defined inline will be  global in scope if allowed.
2018-01-28 17:08:38,438 - Velocimacro : messages on  : VM system will output logging messages
2018-01-28 17:08:38,438 - Velocimacro : autoload off  : VM system will not automatically reload global library macros
2018-01-28 17:08:38,438 - Velocimacro : initialization complete.
2018-01-28 17:08:38,438 - Velocity successfully started.
2018-01-28 17:22:25,823 - SimpleLog4JLogSystem initialized using logfile 'velocity.log'
2018-01-28 17:22:25,823 - ************************************************************** 
2018-01-28 17:22:25,824 - Starting Jakarta Velocity v1.4
2018-01-28 17:22:25,824 - RuntimeInstance initializing.
2018-01-28 17:22:25,824 - Default Properties File: org/apache/velocity/runtime/defaults/velocity.properties
2018-01-28 17:22:25,824 - Trying to use logger class org.apache.velocity.runtime.log.SimpleLog4JLogSystem
2018-01-28 17:22:25,824 - Using logger class org.apache.velocity.runtime.log.SimpleLog4JLogSystem
2018-01-28 17:22:25,829 - Default ResourceManager initializing. (class org.apache.velocity.runtime.resource.ResourceManagerImpl)
2018-01-28 17:22:25,833 - Resource Loader Instantiated: org.apache.velocity.runtime.resource.loader.ClasspathResourceLoader
2018-01-28 17:22:25,833 - ClasspathResourceLoader : initialization starting.
2018-01-28 17:22:25,833 - ClasspathResourceLoader : initialization complete.
2018-01-28 17:22:25,836 - ResourceCache : initialized. (class org.apache.velocity.runtime.resource.ResourceCacheImpl)
2018-01-28 17:22:25,836 - Default ResourceManager initialization complete.
2018-01-28 17:22:25,839 - Loaded System Directive: org.apache.velocity.runtime.directive.Literal
2018-01-28 17:22:25,842 - Loaded System Directive: org.apache.velocity.runtime.directive.Macro
2018-01-28 17:22:25,846 - Loaded System Directive: org.apache.velocity.runtime.directive.Parse
2018-01-28 17:22:25,849 - Loaded System Directive: org.apache.velocity.runtime.directive.Include
2018-01-28 17:22:25,850 - Loaded System Directive: org.apache.velocity.runtime.directive.Foreach
2018-01-28 17:22:25,895 - Created: 20 parsers.
2018-01-28 17:22:25,907 - Velocimacro : initialization starting.
2018-01-28 17:22:25,908 - Velocimacro : adding VMs from VM library template : VM_global_library.vm
2018-01-28 17:22:25,917 - ResourceManager : unable to find resource 'VM_global_library.vm' in any resource loader.
2018-01-28 17:22:25,917 - Velocimacro : error using  VM library template VM_global_library.vm : org.apache.velocity.exception.ResourceNotFoundException: Unable to find resource 'VM_global_library.vm'
2018-01-28 17:22:25,917 - Velocimacro :  VM library template macro registration complete.
2018-01-28 17:22:25,917 - Velocimacro : allowInline = true : VMs can be defined inline in templates
2018-01-28 17:22:25,917 - Velocimacro : allowInlineToOverride = false : VMs defined inline may NOT replace previous VM definitions
2018-01-28 17:22:25,917 - Velocimacro : allowInlineLocal = false : VMs defined inline will be  global in scope if allowed.
2018-01-28 17:22:25,917 - Velocimacro : messages on  : VM system will output logging messages
2018-01-28 17:22:25,917 - Velocimacro : autoload off  : VM system will not automatically reload global library macros
2018-01-28 17:22:25,917 - Velocimacro : initialization complete.
2018-01-28 17:22:25,917 - Velocity successfully started.
2018-01-28 17:25:28,343 - SimpleLog4JLogSystem initialized using logfile 'velocity.log'
2018-01-28 17:25:28,343 - ************************************************************** 
2018-01-28 17:25:28,343 - Starting Jakarta Velocity v1.4
2018-01-28 17:25:28,343 - RuntimeInstance initializing.
2018-01-28 17:25:28,343 - Default Properties File: org/apache/velocity/runtime/defaults/velocity.properties
2018-01-28 17:25:28,343 - Trying to use logger class org.apache.velocity.runtime.log.SimpleLog4JLogSystem
2018-01-28 17:25:28,343 - Using logger class org.apache.velocity.runtime.log.SimpleLog4JLogSystem
2018-01-28 17:25:28,354 - Default ResourceManager initializing. (class org.apache.velocity.runtime.resource.ResourceManagerImpl)
2018-01-28 17:25:28,359 - Resource Loader Instantiated: org.apache.velocity.runtime.resource.loader.ClasspathResourceLoader
2018-01-28 17:25:28,359 - ClasspathResourceLoader : initialization starting.
2018-01-28 17:25:28,359 - ClasspathResourceLoader : initialization complete.
2018-01-28 17:25:28,362 - ResourceCache : initialized. (class org.apache.velocity.runtime.resource.ResourceCacheImpl)
2018-01-28 17:25:28,362 - Default ResourceManager initialization complete.
2018-01-28 17:25:28,366 - Loaded System Directive: org.apache.velocity.runtime.directive.Literal
2018-01-28 17:25:28,369 - Loaded System Directive: org.apache.velocity.runtime.directive.Macro
2018-01-28 17:25:28,374 - Loaded System Directive: org.apache.velocity.runtime.directive.Parse
2018-01-28 17:25:28,376 - Loaded System Directive: org.apache.velocity.runtime.directive.Include
2018-01-28 17:25:28,378 - Loaded System Directive: org.apache.velocity.runtime.directive.Foreach
2018-01-28 17:25:28,467 - Created: 20 parsers.
2018-01-28 17:25:28,476 - Velocimacro : initialization starting.
2018-01-28 17:25:28,476 - Velocimacro : adding VMs from VM library template : VM_global_library.vm
2018-01-28 17:25:28,483 - ResourceManager : unable to find resource 'VM_global_library.vm' in any resource loader.
2018-01-28 17:25:28,483 - Velocimacro : error using  VM library template VM_global_library.vm : org.apache.velocity.exception.ResourceNotFoundException: Unable to find resource 'VM_global_library.vm'
2018-01-28 17:25:28,483 - Velocimacro :  VM library template macro registration complete.
2018-01-28 17:25:28,483 - Velocimacro : allowInline = true : VMs can be defined inline in templates
2018-01-28 17:25:28,483 - Velocimacro : allowInlineToOverride = false : VMs defined inline may NOT replace previous VM definitions
2018-01-28 17:25:28,483 - Velocimacro : allowInlineLocal = false : VMs defined inline will be  global in scope if allowed.
2018-01-28 17:25:28,483 - Velocimacro : messages on  : VM system will output logging messages
2018-01-28 17:25:28,483 - Velocimacro : autoload off  : VM system will not automatically reload global library macros
2018-01-28 17:25:28,483 - Velocimacro : initialization complete.
2018-01-28 17:25:28,484 - Velocity successfully started.
2018-01-28 17:27:35,282 - ResourceManager : found repast/simphony/scenario/Scenario.vt with loader org.apache.velocity.runtime.resource.loader.ClasspathResourceLoader
2018-01-28 17:27:37,604 - ResourceManager : found repast/simphony/scenario/Scenario.vt with loader org.apache.velocity.runtime.resource.loader.ClasspathResourceLoader
2018-01-28 17:29:41,428 - ResourceManager : found repast/simphony/scenario/Scenario.vt with loader org.apache.velocity.runtime.resource.loader.ClasspathResourceLoader
2018-01-28 17:31:07,588 - ResourceManager : found repast/simphony/scenario/Scenario.vt with loader org.apache.velocity.runtime.resource.loader.ClasspathResourceLoader
2018-01-28 17:31:26,058 - SimpleLog4JLogSystem initialized using logfile 'velocity.log'
2018-01-28 17:31:26,062 - ************************************************************** 
2018-01-28 17:31:26,062 - Starting Jakarta Velocity v1.4
2018-01-28 17:31:26,062 - RuntimeInstance initializing.
2018-01-28 17:31:26,062 - Default Properties File: org/apache/velocity/runtime/defaults/velocity.properties
2018-01-28 17:31:26,062 - Trying to use logger class org.apache.velocity.runtime.log.SimpleLog4JLogSystem
2018-01-28 17:31:26,062 - Using logger class org.apache.velocity.runtime.log.SimpleLog4JLogSystem
2018-01-28 17:31:26,073 - Default ResourceManager initializing. (class org.apache.velocity.runtime.resource.ResourceManagerImpl)
2018-01-28 17:31:26,082 - Resource Loader Instantiated: org.apache.velocity.runtime.resource.loader.ClasspathResourceLoader
2018-01-28 17:31:26,083 - ClasspathResourceLoader : initialization starting.
2018-01-28 17:31:26,083 - ClasspathResourceLoader : initialization complete.
2018-01-28 17:31:26,089 - ResourceCache : initialized. (class org.apache.velocity.runtime.resource.ResourceCacheImpl)
2018-01-28 17:31:26,089 - Default ResourceManager initialization complete.
2018-01-28 17:31:26,098 - Loaded System Directive: org.apache.velocity.runtime.directive.Literal
2018-01-28 17:31:26,104 - Loaded System Directive: org.apache.velocity.runtime.directive.Macro
2018-01-28 17:31:26,107 - Loaded System Directive: org.apache.velocity.runtime.directive.Parse
2018-01-28 17:31:26,109 - Loaded System Directive: org.apache.velocity.runtime.directive.Include
2018-01-28 17:31:26,111 - Loaded System Directive: org.apache.velocity.runtime.directive.Foreach
2018-01-28 17:31:26,164 - Created: 20 parsers.
2018-01-28 17:31:26,175 - Velocimacro : initialization starting.
2018-01-28 17:31:26,175 - Velocimacro : adding VMs from VM library template : VM_global_library.vm
2018-01-28 17:31:26,189 - ResourceManager : unable to find resource 'VM_global_library.vm' in any resource loader.
2018-01-28 17:31:26,189 - Velocimacro : error using  VM library template VM_global_library.vm : org.apache.velocity.exception.ResourceNotFoundException: Unable to find resource 'VM_global_library.vm'
2018-01-28 17:31:26,189 - Velocimacro :  VM library template macro registration complete.
2018-01-28 17:31:26,191 - Velocimacro : allowInline = true : VMs can be defined inline in templates
2018-01-28 17:31:26,191 - Velocimacro : allowInlineToOverride = false : VMs defined inline may NOT replace previous VM definitions
2018-01-28 17:31:26,191 - Velocimacro : allowInlineLocal = false : VMs defined inline will be  global in scope if allowed.
2018-01-28 17:31:26,191 - Velocimacro : messages on  : VM system will output logging messages
2018-01-28 17:31:26,191 - Velocimacro : autoload off  : VM system will not automatically reload global library macros
2018-01-28 17:31:26,191 - Velocimacro : initialization complete.
2018-01-28 17:31:26,191 - Velocity successfully started.
2018-01-28 17:32:39,481 - ResourceManager : found repast/simphony/scenario/Scenario.vt with loader org.apache.velocity.runtime.resource.loader.ClasspathResourceLoader
2018-01-28 17:33:16,953 - SimpleLog4JLogSystem initialized using logfile 'velocity.log'
2018-01-28 17:33:16,954 - ************************************************************** 
2018-01-28 17:33:16,954 - Starting Jakarta Velocity v1.4
2018-01-28 17:33:16,954 - RuntimeInstance initializing.
2018-01-28 17:33:16,954 - Default Properties File: org/apache/velocity/runtime/defaults/velocity.properties
2018-01-28 17:33:16,954 - Trying to use logger class org.apache.velocity.runtime.log.SimpleLog4JLogSystem
2018-01-28 17:33:16,954 - Using logger class org.apache.velocity.runtime.log.SimpleLog4JLogSystem
2018-01-28 17:33:16,960 - Default ResourceManager initializing. (class org.apache.velocity.runtime.resource.ResourceManagerImpl)
2018-01-28 17:33:16,964 - Resource Loader Instantiated: org.apache.velocity.runtime.resource.loader.ClasspathResourceLoader
2018-01-28 17:33:16,964 - ClasspathResourceLoader : initialization starting.
2018-01-28 17:33:16,964 - ClasspathResourceLoader : initialization complete.
2018-01-28 17:33:16,965 - ResourceCache : initialized. (class org.apache.velocity.runtime.resource.ResourceCacheImpl)
2018-01-28 17:33:16,965 - Default ResourceManager initialization complete.
2018-01-28 17:33:16,967 - Loaded System Directive: org.apache.velocity.runtime.directive.Literal
2018-01-28 17:33:16,969 - Loaded System Directive: org.apache.velocity.runtime.directive.Macro
2018-01-28 17:33:16,973 - Loaded System Directive: org.apache.velocity.runtime.directive.Parse
2018-01-28 17:33:16,975 - Loaded System Directive: org.apache.velocity.runtime.directive.Include
2018-01-28 17:33:16,977 - Loaded System Directive: org.apache.velocity.runtime.directive.Foreach
2018-01-28 17:33:17,005 - Created: 20 parsers.
2018-01-28 17:33:17,016 - Velocimacro : initialization starting.
2018-01-28 17:33:17,016 - Velocimacro : adding VMs from VM library template : VM_global_library.vm
2018-01-28 17:33:17,022 - ResourceManager : unable to find resource 'VM_global_library.vm' in any resource loader.
2018-01-28 17:33:17,022 - Velocimacro : error using  VM library template VM_global_library.vm : org.apache.velocity.exception.ResourceNotFoundException: Unable to find resource 'VM_global_library.vm'
2018-01-28 17:33:17,022 - Velocimacro :  VM library template macro registration complete.
2018-01-28 17:33:17,022 - Velocimacro : allowInline = true : VMs can be defined inline in templates
2018-01-28 17:33:17,022 - Velocimacro : allowInlineToOverride = false : VMs defined inline may NOT replace previous VM definitions
2018-01-28 17:33:17,022 - Velocimacro : allowInlineLocal = false : VMs defined inline will be  global in scope if allowed.
2018-01-28 17:33:17,022 - Velocimacro : messages on  : VM system will output logging messages
2018-01-28 17:33:17,022 - Velocimacro : autoload off  : VM system will not automatically reload global library macros
2018-01-28 17:33:17,022 - Velocimacro : initialization complete.
2018-01-28 17:33:17,022 - Velocity successfully started.
2018-01-28 17:44:40,940 - ResourceManager : found repast/simphony/scenario/Scenario.vt with loader org.apache.velocity.runtime.resource.loader.ClasspathResourceLoader
2018-01-28 17:45:51,622 - SimpleLog4JLogSystem initialized using logfile 'velocity.log'
2018-01-28 17:45:51,623 - ************************************************************** 
2018-01-28 17:45:51,623 - Starting Jakarta Velocity v1.4
2018-01-28 17:45:51,623 - RuntimeInstance initializing.
2018-01-28 17:45:51,623 - Default Properties File: org/apache/velocity/runtime/defaults/velocity.properties
2018-01-28 17:45:51,623 - Trying to use logger class org.apache.velocity.runtime.log.SimpleLog4JLogSystem
2018-01-28 17:45:51,623 - Using logger class org.apache.velocity.runtime.log.SimpleLog4JLogSystem
2018-01-28 17:45:51,629 - Default ResourceManager initializing. (class org.apache.velocity.runtime.resource.ResourceManagerImpl)
2018-01-28 17:45:51,641 - Resource Loader Instantiated: org.apache.velocity.runtime.resource.loader.ClasspathResourceLoader
2018-01-28 17:45:51,642 - ClasspathResourceLoader : initialization starting.
2018-01-28 17:45:51,642 - ClasspathResourceLoader : initialization complete.
2018-01-28 17:45:51,660 - ResourceCache : initialized. (class org.apache.velocity.runtime.resource.ResourceCacheImpl)
2018-01-28 17:45:51,660 - Default ResourceManager initialization complete.
2018-01-28 17:45:51,668 - Loaded System Directive: org.apache.velocity.runtime.directive.Literal
2018-01-28 17:45:51,679 - Loaded System Directive: org.apache.velocity.runtime.directive.Macro
2018-01-28 17:45:51,687 - Loaded System Directive: org.apache.velocity.runtime.directive.Parse
2018-01-28 17:45:51,716 - Loaded System Directive: org.apache.velocity.runtime.directive.Include
2018-01-28 17:45:51,721 - Loaded System Directive: org.apache.velocity.runtime.directive.Foreach
2018-01-28 17:45:51,786 - Created: 20 parsers.
2018-01-28 17:45:51,805 - Velocimacro : initialization starting.
2018-01-28 17:45:51,805 - Velocimacro : adding VMs from VM library template : VM_global_library.vm
2018-01-28 17:45:51,817 - ResourceManager : unable to find resource 'VM_global_library.vm' in any resource loader.
2018-01-28 17:45:51,817 - Velocimacro : error using  VM library template VM_global_library.vm : org.apache.velocity.exception.ResourceNotFoundException: Unable to find resource 'VM_global_library.vm'
2018-01-28 17:45:51,817 - Velocimacro :  VM library template macro registration complete.
2018-01-28 17:45:51,817 - Velocimacro : allowInline = true : VMs can be defined inline in templates
2018-01-28 17:45:51,817 - Velocimacro : allowInlineToOverride = false : VMs defined inline may NOT replace previous VM definitions
2018-01-28 17:45:51,817 - Velocimacro : allowInlineLocal = false : VMs defined inline will be  global in scope if allowed.
2018-01-28 17:45:51,817 - Velocimacro : messages on  : VM system will output logging messages
2018-01-28 17:45:51,817 - Velocimacro : autoload off  : VM system will not automatically reload global library macros
2018-01-28 17:45:51,817 - Velocimacro : initialization complete.
2018-01-28 17:45:51,818 - Velocity successfully started.
2018-01-28 17:46:41,648 - ResourceManager : found repast/simphony/parameter/parameters.vt with loader org.apache.velocity.runtime.resource.loader.ClasspathResourceLoader
2018-01-28 17:46:55,191 - ResourceManager : found repast/simphony/scenario/Scenario.vt with loader org.apache.velocity.runtime.resource.loader.ClasspathResourceLoader
2018-01-28 17:48:24,150 - SimpleLog4JLogSystem initialized using logfile 'velocity.log'
2018-01-28 17:48:24,155 - ************************************************************** 
2018-01-28 17:48:24,155 - Starting Jakarta Velocity v1.4
2018-01-28 17:48:24,155 - RuntimeInstance initializing.
2018-01-28 17:48:24,155 - Default Properties File: org/apache/velocity/runtime/defaults/velocity.properties
2018-01-28 17:48:24,155 - Trying to use logger class org.apache.velocity.runtime.log.SimpleLog4JLogSystem
2018-01-28 17:48:24,155 - Using logger class org.apache.velocity.runtime.log.SimpleLog4JLogSystem
2018-01-28 17:48:24,161 - Default ResourceManager initializing. (class org.apache.velocity.runtime.resource.ResourceManagerImpl)
2018-01-28 17:48:24,166 - Resource Loader Instantiated: org.apache.velocity.runtime.resource.loader.ClasspathResourceLoader
2018-01-28 17:48:24,166 - ClasspathResourceLoader : initialization starting.
2018-01-28 17:48:24,166 - ClasspathResourceLoader : initialization complete.
2018-01-28 17:48:24,169 - ResourceCache : initialized. (class org.apache.velocity.runtime.resource.ResourceCacheImpl)
2018-01-28 17:48:24,169 - Default ResourceManager initialization complete.
2018-01-28 17:48:24,173 - Loaded System Directive: org.apache.velocity.runtime.directive.Literal
2018-01-28 17:48:24,176 - Loaded System Directive: org.apache.velocity.runtime.directive.Macro
2018-01-28 17:48:24,182 - Loaded System Directive: org.apache.velocity.runtime.directive.Parse
2018-01-28 17:48:24,186 - Loaded System Directive: org.apache.velocity.runtime.directive.Include
2018-01-28 17:48:24,188 - Loaded System Directive: org.apache.velocity.runtime.directive.Foreach
2018-01-28 17:48:24,234 - Created: 20 parsers.
2018-01-28 17:48:24,250 - Velocimacro : initialization starting.
2018-01-28 17:48:24,250 - Velocimacro : adding VMs from VM library template : VM_global_library.vm
2018-01-28 17:48:24,260 - ResourceManager : unable to find resource 'VM_global_library.vm' in any resource loader.
2018-01-28 17:48:24,261 - Velocimacro : error using  VM library template VM_global_library.vm : org.apache.velocity.exception.ResourceNotFoundException: Unable to find resource 'VM_global_library.vm'
2018-01-28 17:48:24,261 - Velocimacro :  VM library template macro registration complete.
2018-01-28 17:48:24,261 - Velocimacro : allowInline = true : VMs can be defined inline in templates
2018-01-28 17:48:24,261 - Velocimacro : allowInlineToOverride = false : VMs defined inline may NOT replace previous VM definitions
2018-01-28 17:48:24,261 - Velocimacro : allowInlineLocal = false : VMs defined inline will be  global in scope if allowed.
2018-01-28 17:48:24,261 - Velocimacro : messages on  : VM system will output logging messages
2018-01-28 17:48:24,261 - Velocimacro : autoload off  : VM system will not automatically reload global library macros
2018-01-28 17:48:24,261 - Velocimacro : initialization complete.
2018-01-28 17:48:24,261 - Velocity successfully started.
2018-01-28 17:50:17,231 - SimpleLog4JLogSystem initialized using logfile 'velocity.log'
2018-01-28 17:50:17,233 - ************************************************************** 
2018-01-28 17:50:17,236 - Starting Jakarta Velocity v1.4
2018-01-28 17:50:17,236 - RuntimeInstance initializing.
2018-01-28 17:50:17,236 - Default Properties File: org/apache/velocity/runtime/defaults/velocity.properties
2018-01-28 17:50:17,236 - Trying to use logger class org.apache.velocity.runtime.log.SimpleLog4JLogSystem
2018-01-28 17:50:17,236 - Using logger class org.apache.velocity.runtime.log.SimpleLog4JLogSystem
2018-01-28 17:50:17,242 - Default ResourceManager initializing. (class org.apache.velocity.runtime.resource.ResourceManagerImpl)
2018-01-28 17:50:17,246 - Resource Loader Instantiated: org.apache.velocity.runtime.resource.loader.ClasspathResourceLoader
2018-01-28 17:50:17,247 - ClasspathResourceLoader : initialization starting.
2018-01-28 17:50:17,247 - ClasspathResourceLoader : initialization complete.
2018-01-28 17:50:17,250 - ResourceCache : initialized. (class org.apache.velocity.runtime.resource.ResourceCacheImpl)
2018-01-28 17:50:17,250 - Default ResourceManager initialization complete.
2018-01-28 17:50:17,255 - Loaded System Directive: org.apache.velocity.runtime.directive.Literal
2018-01-28 17:50:17,258 - Loaded System Directive: org.apache.velocity.runtime.directive.Macro
2018-01-28 17:50:17,263 - Loaded System Directive: org.apache.velocity.runtime.directive.Parse
2018-01-28 17:50:17,266 - Loaded System Directive: org.apache.velocity.runtime.directive.Include
2018-01-28 17:50:17,268 - Loaded System Directive: org.apache.velocity.runtime.directive.Foreach
2018-01-28 17:50:17,303 - Created: 20 parsers.
2018-01-28 17:50:17,310 - Velocimacro : initialization starting.
2018-01-28 17:50:17,310 - Velocimacro : adding VMs from VM library template : VM_global_library.vm
2018-01-28 17:50:17,317 - ResourceManager : unable to find resource 'VM_global_library.vm' in any resource loader.
2018-01-28 17:50:17,317 - Velocimacro : error using  VM library template VM_global_library.vm : org.apache.velocity.exception.ResourceNotFoundException: Unable to find resource 'VM_global_library.vm'
2018-01-28 17:50:17,317 - Velocimacro :  VM library template macro registration complete.
2018-01-28 17:50:17,317 - Velocimacro : allowInline = true : VMs can be defined inline in templates
2018-01-28 17:50:17,318 - Velocimacro : allowInlineToOverride = false : VMs defined inline may NOT replace previous VM definitions
2018-01-28 17:50:17,318 - Velocimacro : allowInlineLocal = false : VMs defined inline will be  global in scope if allowed.
2018-01-28 17:50:17,318 - Velocimacro : messages on  : VM system will output logging messages
2018-01-28 17:50:17,318 - Velocimacro : autoload off  : VM system will not automatically reload global library macros
2018-01-28 17:50:17,318 - Velocimacro : initialization complete.
2018-01-28 17:50:17,318 - Velocity successfully started.
2018-01-28 17:51:32,190 - SimpleLog4JLogSystem initialized using logfile 'velocity.log'
2018-01-28 17:51:32,191 - ************************************************************** 
2018-01-28 17:51:32,191 - Starting Jakarta Velocity v1.4
2018-01-28 17:51:32,191 - RuntimeInstance initializing.
2018-01-28 17:51:32,191 - Default Properties File: org/apache/velocity/runtime/defaults/velocity.properties
2018-01-28 17:51:32,191 - Trying to use logger class org.apache.velocity.runtime.log.SimpleLog4JLogSystem
2018-01-28 17:51:32,191 - Using logger class org.apache.velocity.runtime.log.SimpleLog4JLogSystem
2018-01-28 17:51:32,195 - Default ResourceManager initializing. (class org.apache.velocity.runtime.resource.ResourceManagerImpl)
2018-01-28 17:51:32,199 - Resource Loader Instantiated: org.apache.velocity.runtime.resource.loader.ClasspathResourceLoader
2018-01-28 17:51:32,200 - ClasspathResourceLoader : initialization starting.
2018-01-28 17:51:32,200 - ClasspathResourceLoader : initialization complete.
2018-01-28 17:51:32,202 - ResourceCache : initialized. (class org.apache.velocity.runtime.resource.ResourceCacheImpl)
2018-01-28 17:51:32,202 - Default ResourceManager initialization complete.
2018-01-28 17:51:32,205 - Loaded System Directive: org.apache.velocity.runtime.directive.Literal
2018-01-28 17:51:32,207 - Loaded System Directive: org.apache.velocity.runtime.directive.Macro
2018-01-28 17:51:32,211 - Loaded System Directive: org.apache.velocity.runtime.directive.Parse
2018-01-28 17:51:32,214 - Loaded System Directive: org.apache.velocity.runtime.directive.Include
2018-01-28 17:51:32,216 - Loaded System Directive: org.apache.velocity.runtime.directive.Foreach
2018-01-28 17:51:32,260 - Created: 20 parsers.
2018-01-28 17:51:32,272 - Velocimacro : initialization starting.
2018-01-28 17:51:32,272 - Velocimacro : adding VMs from VM library template : VM_global_library.vm
2018-01-28 17:51:32,282 - ResourceManager : unable to find resource 'VM_global_library.vm' in any resource loader.
2018-01-28 17:51:32,282 - Velocimacro : error using  VM library template VM_global_library.vm : org.apache.velocity.exception.ResourceNotFoundException: Unable to find resource 'VM_global_library.vm'
2018-01-28 17:51:32,282 - Velocimacro :  VM library template macro registration complete.
2018-01-28 17:51:32,282 - Velocimacro : allowInline = true : VMs can be defined inline in templates
2018-01-28 17:51:32,282 - Velocimacro : allowInlineToOverride = false : VMs defined inline may NOT replace previous VM definitions
2018-01-28 17:51:32,282 - Velocimacro : allowInlineLocal = false : VMs defined inline will be  global in scope if allowed.
2018-01-28 17:51:32,282 - Velocimacro : messages on  : VM system will output logging messages
2018-01-28 17:51:32,283 - Velocimacro : autoload off  : VM system will not automatically reload global library macros
2018-01-28 17:51:32,283 - Velocimacro : initialization complete.
2018-01-28 17:51:32,283 - Velocity successfully started.
2018-01-28 18:10:48,890 - SimpleLog4JLogSystem initialized using logfile 'velocity.log'
2018-01-28 18:10:48,890 - ************************************************************** 
2018-01-28 18:10:48,891 - Starting Jakarta Velocity v1.4
2018-01-28 18:10:48,891 - RuntimeInstance initializing.
2018-01-28 18:10:48,891 - Default Properties File: org/apache/velocity/runtime/defaults/velocity.properties
2018-01-28 18:10:48,891 - Trying to use logger class org.apache.velocity.runtime.log.SimpleLog4JLogSystem
2018-01-28 18:10:48,891 - Using logger class org.apache.velocity.runtime.log.SimpleLog4JLogSystem
2018-01-28 18:10:48,896 - Default ResourceManager initializing. (class org.apache.velocity.runtime.resource.ResourceManagerImpl)
2018-01-28 18:10:48,900 - Resource Loader Instantiated: org.apache.velocity.runtime.resource.loader.ClasspathResourceLoader
2018-01-28 18:10:48,900 - ClasspathResourceLoader : initialization starting.
2018-01-28 18:10:48,900 - ClasspathResourceLoader : initialization complete.
2018-01-28 18:10:48,903 - ResourceCache : initialized. (class org.apache.velocity.runtime.resource.ResourceCacheImpl)
2018-01-28 18:10:48,903 - Default ResourceManager initialization complete.
2018-01-28 18:10:48,906 - Loaded System Directive: org.apache.velocity.runtime.directive.Literal
2018-01-28 18:10:48,908 - Loaded System Directive: org.apache.velocity.runtime.directive.Macro
2018-01-28 18:10:48,913 - Loaded System Directive: org.apache.velocity.runtime.directive.Parse
2018-01-28 18:10:48,916 - Loaded System Directive: org.apache.velocity.runtime.directive.Include
2018-01-28 18:10:48,917 - Loaded System Directive: org.apache.velocity.runtime.directive.Foreach
2018-01-28 18:10:48,950 - Created: 20 parsers.
2018-01-28 18:10:48,962 - Velocimacro : initialization starting.
2018-01-28 18:10:48,963 - Velocimacro : adding VMs from VM library template : VM_global_library.vm
2018-01-28 18:10:48,970 - ResourceManager : unable to find resource 'VM_global_library.vm' in any resource loader.
2018-01-28 18:10:48,971 - Velocimacro : error using  VM library template VM_global_library.vm : org.apache.velocity.exception.ResourceNotFoundException: Unable to find resource 'VM_global_library.vm'
2018-01-28 18:10:48,971 - Velocimacro :  VM library template macro registration complete.
2018-01-28 18:10:48,971 - Velocimacro : allowInline = true : VMs can be defined inline in templates
2018-01-28 18:10:48,971 - Velocimacro : allowInlineToOverride = false : VMs defined inline may NOT replace previous VM definitions
2018-01-28 18:10:48,971 - Velocimacro : allowInlineLocal = false : VMs defined inline will be  global in scope if allowed.
2018-01-28 18:10:48,971 - Velocimacro : messages on  : VM system will output logging messages
2018-01-28 18:10:48,971 - Velocimacro : autoload off  : VM system will not automatically reload global library macros
2018-01-28 18:10:48,971 - Velocimacro : initialization complete.
2018-01-28 18:10:48,971 - Velocity successfully started.
2018-01-28 18:16:54,353 - ResourceManager : found repast/simphony/scenario/Scenario.vt with loader org.apache.velocity.runtime.resource.loader.ClasspathResourceLoader
2018-01-28 18:25:50,376 - SimpleLog4JLogSystem initialized using logfile 'velocity.log'
2018-01-28 18:25:50,377 - ************************************************************** 
2018-01-28 18:25:50,378 - Starting Jakarta Velocity v1.4
2018-01-28 18:25:50,378 - RuntimeInstance initializing.
2018-01-28 18:25:50,378 - Default Properties File: org/apache/velocity/runtime/defaults/velocity.properties
2018-01-28 18:25:50,378 - Trying to use logger class org.apache.velocity.runtime.log.SimpleLog4JLogSystem
2018-01-28 18:25:50,378 - Using logger class org.apache.velocity.runtime.log.SimpleLog4JLogSystem
2018-01-28 18:25:50,383 - Default ResourceManager initializing. (class org.apache.velocity.runtime.resource.ResourceManagerImpl)
2018-01-28 18:25:50,391 - Resource Loader Instantiated: org.apache.velocity.runtime.resource.loader.ClasspathResourceLoader
2018-01-28 18:25:50,391 - ClasspathResourceLoader : initialization starting.
2018-01-28 18:25:50,391 - ClasspathResourceLoader : initialization complete.
2018-01-28 18:25:50,394 - ResourceCache : initialized. (class org.apache.velocity.runtime.resource.ResourceCacheImpl)
2018-01-28 18:25:50,394 - Default ResourceManager initialization complete.
2018-01-28 18:25:50,397 - Loaded System Directive: org.apache.velocity.runtime.directive.Literal
2018-01-28 18:25:50,400 - Loaded System Directive: org.apache.velocity.runtime.directive.Macro
2018-01-28 18:25:50,404 - Loaded System Directive: org.apache.velocity.runtime.directive.Parse
2018-01-28 18:25:50,408 - Loaded System Directive: org.apache.velocity.runtime.directive.Include
2018-01-28 18:25:50,410 - Loaded System Directive: org.apache.velocity.runtime.directive.Foreach
2018-01-28 18:25:50,472 - Created: 20 parsers.
2018-01-28 18:25:50,480 - Velocimacro : initialization starting.
2018-01-28 18:25:50,480 - Velocimacro : adding VMs from VM library template : VM_global_library.vm
2018-01-28 18:25:50,488 - ResourceManager : unable to find resource 'VM_global_library.vm' in any resource loader.
2018-01-28 18:25:50,488 - Velocimacro : error using  VM library template VM_global_library.vm : org.apache.velocity.exception.ResourceNotFoundException: Unable to find resource 'VM_global_library.vm'
2018-01-28 18:25:50,488 - Velocimacro :  VM library template macro registration complete.
2018-01-28 18:25:50,488 - Velocimacro : allowInline = true : VMs can be defined inline in templates
2018-01-28 18:25:50,488 - Velocimacro : allowInlineToOverride = false : VMs defined inline may NOT replace previous VM definitions
2018-01-28 18:25:50,488 - Velocimacro : allowInlineLocal = false : VMs defined inline will be  global in scope if allowed.
2018-01-28 18:25:50,488 - Velocimacro : messages on  : VM system will output logging messages
2018-01-28 18:25:50,488 - Velocimacro : autoload off  : VM system will not automatically reload global library macros
2018-01-28 18:25:50,488 - Velocimacro : initialization complete.
2018-01-28 18:25:50,489 - Velocity successfully started.
2018-01-28 18:28:54,815 - SimpleLog4JLogSystem initialized using logfile 'velocity.log'
2018-01-28 18:28:54,816 - ************************************************************** 
2018-01-28 18:28:54,816 - Starting Jakarta Velocity v1.4
2018-01-28 18:28:54,816 - RuntimeInstance initializing.
2018-01-28 18:28:54,816 - Default Properties File: org/apache/velocity/runtime/defaults/velocity.properties
2018-01-28 18:28:54,816 - Trying to use logger class org.apache.velocity.runtime.log.SimpleLog4JLogSystem
2018-01-28 18:28:54,816 - Using logger class org.apache.velocity.runtime.log.SimpleLog4JLogSystem
2018-01-28 18:28:54,821 - Default ResourceManager initializing. (class org.apache.velocity.runtime.resource.ResourceManagerImpl)
2018-01-28 18:28:54,825 - Resource Loader Instantiated: org.apache.velocity.runtime.resource.loader.ClasspathResourceLoader
2018-01-28 18:28:54,825 - ClasspathResourceLoader : initialization starting.
2018-01-28 18:28:54,825 - ClasspathResourceLoader : initialization complete.
2018-01-28 18:28:54,828 - ResourceCache : initialized. (class org.apache.velocity.runtime.resource.ResourceCacheImpl)
2018-01-28 18:28:54,828 - Default ResourceManager initialization complete.
2018-01-28 18:28:54,833 - Loaded System Directive: org.apache.velocity.runtime.directive.Literal
2018-01-28 18:28:54,835 - Loaded System Directive: org.apache.velocity.runtime.directive.Macro
2018-01-28 18:28:54,857 - Loaded System Directive: org.apache.velocity.runtime.directive.Parse
2018-01-28 18:28:54,861 - Loaded System Directive: org.apache.velocity.runtime.directive.Include
2018-01-28 18:28:54,863 - Loaded System Directive: org.apache.velocity.runtime.directive.Foreach
2018-01-28 18:28:54,905 - Created: 20 parsers.
2018-01-28 18:28:54,918 - Velocimacro : initialization starting.
2018-01-28 18:28:54,918 - Velocimacro : adding VMs from VM library template : VM_global_library.vm
2018-01-28 18:28:54,927 - ResourceManager : unable to find resource 'VM_global_library.vm' in any resource loader.
2018-01-28 18:28:54,928 - Velocimacro : error using  VM library template VM_global_library.vm : org.apache.velocity.exception.ResourceNotFoundException: Unable to find resource 'VM_global_library.vm'
2018-01-28 18:28:54,928 - Velocimacro :  VM library template macro registration complete.
2018-01-28 18:28:54,928 - Velocimacro : allowInline = true : VMs can be defined inline in templates
2018-01-28 18:28:54,928 - Velocimacro : allowInlineToOverride = false : VMs defined inline may NOT replace previous VM definitions
2018-01-28 18:28:54,928 - Velocimacro : allowInlineLocal = false : VMs defined inline will be  global in scope if allowed.
2018-01-28 18:28:54,928 - Velocimacro : messages on  : VM system will output logging messages
2018-01-28 18:28:54,928 - Velocimacro : autoload off  : VM system will not automatically reload global library macros
2018-01-28 18:28:54,928 - Velocimacro : initialization complete.
2018-01-28 18:28:54,928 - Velocity successfully started.
2018-01-28 18:29:51,418 - SimpleLog4JLogSystem initialized using logfile 'velocity.log'
2018-01-28 18:29:51,419 - ************************************************************** 
2018-01-28 18:29:51,419 - Starting Jakarta Velocity v1.4
2018-01-28 18:29:51,419 - RuntimeInstance initializing.
2018-01-28 18:29:51,419 - Default Properties File: org/apache/velocity/runtime/defaults/velocity.properties
2018-01-28 18:29:51,419 - Trying to use logger class org.apache.velocity.runtime.log.SimpleLog4JLogSystem
2018-01-28 18:29:51,419 - Using logger class org.apache.velocity.runtime.log.SimpleLog4JLogSystem
2018-01-28 18:29:51,423 - Default ResourceManager initializing. (class org.apache.velocity.runtime.resource.ResourceManagerImpl)
2018-01-28 18:29:51,425 - Resource Loader Instantiated: org.apache.velocity.runtime.resource.loader.ClasspathResourceLoader
2018-01-28 18:29:51,425 - ClasspathResourceLoader : initialization starting.
2018-01-28 18:29:51,425 - ClasspathResourceLoader : initialization complete.
2018-01-28 18:29:51,427 - ResourceCache : initialized. (class org.apache.velocity.runtime.resource.ResourceCacheImpl)
2018-01-28 18:29:51,427 - Default ResourceManager initialization complete.
2018-01-28 18:29:51,428 - Loaded System Directive: org.apache.velocity.runtime.directive.Literal
2018-01-28 18:29:51,430 - Loaded System Directive: org.apache.velocity.runtime.directive.Macro
2018-01-28 18:29:51,433 - Loaded System Directive: org.apache.velocity.runtime.directive.Parse
2018-01-28 18:29:51,436 - Loaded System Directive: org.apache.velocity.runtime.directive.Include
2018-01-28 18:29:51,437 - Loaded System Directive: org.apache.velocity.runtime.directive.Foreach
2018-01-28 18:29:51,478 - Created: 20 parsers.
2018-01-28 18:29:51,485 - Velocimacro : initialization starting.
2018-01-28 18:29:51,485 - Velocimacro : adding VMs from VM library template : VM_global_library.vm
2018-01-28 18:29:51,490 - ResourceManager : unable to find resource 'VM_global_library.vm' in any resource loader.
2018-01-28 18:29:51,490 - Velocimacro : error using  VM library template VM_global_library.vm : org.apache.velocity.exception.ResourceNotFoundException: Unable to find resource 'VM_global_library.vm'
2018-01-28 18:29:51,490 - Velocimacro :  VM library template macro registration complete.
2018-01-28 18:29:51,490 - Velocimacro : allowInline = true : VMs can be defined inline in templates
2018-01-28 18:29:51,490 - Velocimacro : allowInlineToOverride = false : VMs defined inline may NOT replace previous VM definitions
2018-01-28 18:29:51,490 - Velocimacro : allowInlineLocal = false : VMs defined inline will be  global in scope if allowed.
2018-01-28 18:29:51,490 - Velocimacro : messages on  : VM system will output logging messages
2018-01-28 18:29:51,490 - Velocimacro : autoload off  : VM system will not automatically reload global library macros
2018-01-28 18:29:51,490 - Velocimacro : initialization complete.
2018-01-28 18:29:51,490 - Velocity successfully started.
2018-01-28 18:30:53,183 - SimpleLog4JLogSystem initialized using logfile 'velocity.log'
2018-01-28 18:30:53,184 - ************************************************************** 
2018-01-28 18:30:53,184 - Starting Jakarta Velocity v1.4
2018-01-28 18:30:53,184 - RuntimeInstance initializing.
2018-01-28 18:30:53,184 - Default Properties File: org/apache/velocity/runtime/defaults/velocity.properties
2018-01-28 18:30:53,184 - Trying to use logger class org.apache.velocity.runtime.log.SimpleLog4JLogSystem
2018-01-28 18:30:53,184 - Using logger class org.apache.velocity.runtime.log.SimpleLog4JLogSystem
2018-01-28 18:30:53,188 - Default ResourceManager initializing. (class org.apache.velocity.runtime.resource.ResourceManagerImpl)
2018-01-28 18:30:53,193 - Resource Loader Instantiated: org.apache.velocity.runtime.resource.loader.ClasspathResourceLoader
2018-01-28 18:30:53,194 - ClasspathResourceLoader : initialization starting.
2018-01-28 18:30:53,194 - ClasspathResourceLoader : initialization complete.
2018-01-28 18:30:53,197 - ResourceCache : initialized. (class org.apache.velocity.runtime.resource.ResourceCacheImpl)
2018-01-28 18:30:53,197 - Default ResourceManager initialization complete.
2018-01-28 18:30:53,201 - Loaded System Directive: org.apache.velocity.runtime.directive.Literal
2018-01-28 18:30:53,204 - Loaded System Directive: org.apache.velocity.runtime.directive.Macro
2018-01-28 18:30:53,224 - Loaded System Directive: org.apache.velocity.runtime.directive.Parse
2018-01-28 18:30:53,228 - Loaded System Directive: org.apache.velocity.runtime.directive.Include
2018-01-28 18:30:53,232 - Loaded System Directive: org.apache.velocity.runtime.directive.Foreach
2018-01-28 18:30:53,271 - Created: 20 parsers.
2018-01-28 18:30:53,285 - Velocimacro : initialization starting.
2018-01-28 18:30:53,285 - Velocimacro : adding VMs from VM library template : VM_global_library.vm
2018-01-28 18:30:53,290 - ResourceManager : unable to find resource 'VM_global_library.vm' in any resource loader.
2018-01-28 18:30:53,291 - Velocimacro : error using  VM library template VM_global_library.vm : org.apache.velocity.exception.ResourceNotFoundException: Unable to find resource 'VM_global_library.vm'
2018-01-28 18:30:53,291 - Velocimacro :  VM library template macro registration complete.
2018-01-28 18:30:53,291 - Velocimacro : allowInline = true : VMs can be defined inline in templates
2018-01-28 18:30:53,291 - Velocimacro : allowInlineToOverride = false : VMs defined inline may NOT replace previous VM definitions
2018-01-28 18:30:53,291 - Velocimacro : allowInlineLocal = false : VMs defined inline will be  global in scope if allowed.
2018-01-28 18:30:53,291 - Velocimacro : messages on  : VM system will output logging messages
2018-01-28 18:30:53,291 - Velocimacro : autoload off  : VM system will not automatically reload global library macros
2018-01-28 18:30:53,291 - Velocimacro : initialization complete.
2018-01-28 18:30:53,291 - Velocity successfully started.
